============================== nterm = 1
Least Square Fit (input data correlated with prior):
  chi2/dof [dof] = 0.76 [69]    Q = 0.93    logGBF = 1593.4    itns = 8

Parameters:
  log(etas:a) 0   -1.52138 (57)      [ -1.2 (1.0) ]
 log(etas:dE) 0   -0.87655 (20)      [ -0.92 (50) ]
    log(Ds:a) 0    -1.5379 (10)      [ -1.2 (1.0) ]
   log(Ds:dE) 0    0.18378 (12)      [  0.18 (17) ]
   log(Ds:ao) 0     -2.611 (30)      [ -2.3 (1.0) ]
  log(Ds:dEo) 0     0.3758 (37)      [  0.41 (24) ]
        Vnn 0,0    0.76574 (80)      [  0.0 (1.0) ]
        Vno 0,0     -0.712 (12)      [  0.0 (1.0) ]

Settings:
  svdcut = (1e-15,1e-15)   svdnum = (None,None)    reltol/abstol = 1e-10/1e-10

============================== nterm = 2
Least Square Fit (input data correlated with prior):
  chi2/dof [dof] = 0.61 [69]    Q = 1    logGBF = 1605.3    itns = 13

Parameters:
  log(etas:a) 0   -1.52138 (50)      [ -1.2 (1.0) ]
              1      -1.50 (56)      [ -1.2 (1.0) ]
 log(etas:dE) 0   -0.87654 (20)      [ -0.92 (50) ]
              1      -0.43 (15)      [ -0.7 (1.0) ]
    log(Ds:a) 0   -1.53849 (81)      [ -1.2 (1.0) ]
              1     -1.344 (82)      [ -1.2 (1.0) ]
   log(Ds:dE) 0    0.18372 (11)      [  0.18 (17) ]
              1     -0.707 (37)      [ -0.7 (1.0) ]
   log(Ds:ao) 0     -2.702 (76)      [ -2.3 (1.0) ]
              1      -2.37 (13)      [ -2.3 (1.0) ]
  log(Ds:dEo) 0     0.3692 (68)      [  0.41 (24) ]
              1      -1.30 (23)      [ -0.7 (1.0) ]
        Vnn 0,0    0.76759 (90)      [  0.0 (1.0) ]
            0,1     -0.490 (37)      [  0.0 (1.0) ]
            1,0      0.043 (72)      [  0.0 (1.0) ]
            1,1       0.44 (83)      [  0.0 (1.0) ]
        Vno 0,0     -0.761 (35)      [  0.0 (1.0) ]
            0,1       0.31 (17)      [  0.0 (1.0) ]
            1,0       0.12 (45)      [  0.0 (1.0) ]
            1,1       0.13 (98)      [  0.0 (1.0) ]

Settings:
  svdcut = (1e-15,1e-15)   svdnum = (None,None)    reltol/abstol = 1e-10/1e-10

Fit results:
  Eetas: 0.416219(81) 1.07(10)
  aetas: 0.21841(11) 0.22(13)

  EDs: 1.20168(13) 1.695(18)
  aDs: 0.21471(17) 0.261(21)

  EDso: 1.4466(98) 1.720(69)
  aDso: 0.0671(51) 0.093(12)

  etas->V->Ds  = 0.76759(90)
  etas->V->Dso = -0.761(35)

Values:
              metas: 0.416219(81)        
                mDs: 1.20168(13)         
           mDso-mDs: 0.2449(98)          
                Vnn: 0.76759(90)         
                Vno: -0.761(35)          

Partial % Errors:
                         metas       mDs  mDso-mDs       Vnn       Vno
----------------------------------------------------------------------
         statistics:      0.02      0.01      3.24      0.11      4.04
        log(etas:a):      0.00      0.00      0.04      0.00      0.14
       log(etas:dE):      0.00      0.00      0.03      0.00      0.10
          log(Ds:a):      0.00      0.00      0.31      0.01      0.56
         log(Ds:dE):      0.00      0.00      0.46      0.02      0.55
         log(Ds:ao):      0.00      0.00      0.33      0.00      1.10
        log(Ds:dEo):      0.00      0.00      0.52      0.01      1.48
                Vnn:      0.00      0.00      1.19      0.03      0.17
                Vno:      0.00      0.00      1.85      0.02      1.00
                svd:      0.00      0.00      0.00      0.00      0.00
----------------------------------------------------------------------
              total:      0.02      0.01      4.01      0.12      4.63



