============================== nterm = 1
Least Square Fit:
  chi2/dof [dof] = 6.3e+03 [69]    Q = 0    logGBF = -2.158e+05    itns = 18

Parameters:
  log(etas:a) 0   -1.41467 (24)      [ -1.2 (1.0) ]
 log(etas:dE) 0   -0.81108 (14)      [ -0.92 (50) ]
    log(Ds:a) 0   -1.37608 (18)      [ -1.2 (1.0) ]
   log(Ds:dE) 0   0.214374 (56)      [  0.18 (17) ]
   log(Ds:ao) 0    -1.9192 (14)      [ -2.3 (1.0) ]
  log(Ds:dEo) 0    0.48264 (34)      [  0.41 (24) ]
        Vnn 0,0    0.72035 (40)      [  0.0 (1.0) ]
        Vno 0,0    -0.8100 (14)      [  0.0 (1.0) ]

Settings:
  svdcut = (None,None)   svdnum = (None,None)    reltol/abstol = 1e-10/1e-10

============================== nterm = 2
Least Square Fit:
  chi2/dof [dof] = 2.1 [69]    Q = 3.4e-07    logGBF = -184.95    itns = 45

Parameters:
  log(etas:a) 0   -1.52073 (44)      [ -1.2 (1.0) ]
              1     -1.287 (15)      [ -1.2 (1.0) ]
 log(etas:dE) 0   -0.87641 (19)      [ -0.92 (50) ]
              1     -0.322 (10)      [ -0.7 (1.0) ]
    log(Ds:a) 0   -1.53867 (57)      [ -1.2 (1.0) ]
              1    -1.0814 (73)      [ -1.2 (1.0) ]
   log(Ds:dE) 0   0.183585 (89)      [  0.18 (17) ]
              1    -0.5882 (58)      [ -0.7 (1.0) ]
   log(Ds:ao) 0    -2.5911 (77)      [ -2.3 (1.0) ]
              1     -1.195 (85)      [ -2.3 (1.0) ]
  log(Ds:dEo) 0     0.3749 (14)      [  0.41 (24) ]
              1     -0.285 (44)      [ -0.7 (1.0) ]
        Vnn 0,0    0.76402 (44)      [  0.0 (1.0) ]
            0,1    -0.4608 (56)      [  0.0 (1.0) ]
            1,0     0.0754 (79)      [  0.0 (1.0) ]
            1,1      -0.81 (85)      [  0.0 (1.0) ]
        Vno 0,0    -0.6842 (77)      [  0.0 (1.0) ]
            0,1      1.091 (81)      [  0.0 (1.0) ]
            1,0      -1.07 (14)      [  0.0 (1.0) ]
            1,1       0.0 (1.0)      [  0.0 (1.0) ]

Settings:
  svdcut = (None,None)   svdnum = (None,None)    reltol/abstol = 1e-10/1e-10

============================== nterm = 3
Least Square Fit:
  chi2/dof [dof] = 0.6 [69]    Q = 1    logGBF = -141.88    itns = 54

Parameters:
  log(etas:a) 0   -1.52138 (50)      [ -1.2 (1.0) ]
              1      -1.61 (33)      [ -1.2 (1.0) ]
              2      -1.12 (37)      [ -1.2 (1.0) ]
 log(etas:dE) 0   -0.87654 (20)      [ -0.92 (50) ]
              1      -0.46 (12)      [ -0.7 (1.0) ]
              2      -0.70 (69)      [ -0.7 (1.0) ]
    log(Ds:a) 0   -1.53823 (85)      [ -1.2 (1.0) ]
              1     -1.290 (94)      [ -1.2 (1.0) ]
              2      -0.74 (32)      [ -1.2 (1.0) ]
   log(Ds:dE) 0    0.18374 (11)      [  0.18 (17) ]
              1     -0.684 (41)      [ -0.7 (1.0) ]
              2      -0.62 (35)      [ -0.7 (1.0) ]
   log(Ds:ao) 0      -2.72 (12)      [ -2.3 (1.0) ]
              1      -2.49 (41)      [ -2.3 (1.0) ]
              2      -2.10 (77)      [ -2.3 (1.0) ]
  log(Ds:dEo) 0      0.369 (10)      [  0.41 (24) ]
              1      -1.44 (51)      [ -0.7 (1.0) ]
              2      -0.71 (80)      [ -0.7 (1.0) ]
        Vnn 0,0    0.76744 (90)      [  0.0 (1.0) ]
            0,1     -0.505 (39)      [  0.0 (1.0) ]
            0,2       0.46 (50)      [  0.0 (1.0) ]
            1,0      0.043 (44)      [  0.0 (1.0) ]
            1,1       0.22 (80)      [  0.0 (1.0) ]
            1,2       0.0 (1.0)      [  0.0 (1.0) ]
            2,0      -0.07 (25)      [  0.0 (1.0) ]
            2,1       0.0 (1.0)      [  0.0 (1.0) ]
            2,2       0.0 (1.0)      [  0.0 (1.0) ]
        Vno 0,0     -0.776 (75)      [  0.0 (1.0) ]
            0,1       0.30 (34)      [  0.0 (1.0) ]
            0,2      -0.01 (87)      [  0.0 (1.0) ]
            1,0       0.22 (45)      [  0.0 (1.0) ]
            1,1       0.07 (98)      [  0.0 (1.0) ]
            1,2       0.0 (1.0)      [  0.0 (1.0) ]
            2,0      -0.05 (97)      [  0.0 (1.0) ]
            2,1       0.0 (1.0)      [  0.0 (1.0) ]
            2,2       0.0 (1.0)      [  0.0 (1.0) ]

Settings:
  svdcut = (None,None)   svdnum = (None,None)    reltol/abstol = 1e-10/1e-10

============================== nterm = 4
Least Square Fit:
  chi2/dof [dof] = 0.6 [69]    Q = 1    logGBF = -141.42    itns = 12

Parameters:
  log(etas:a) 0   -1.52137 (50)      [ -1.2 (1.0) ]
              1      -1.58 (27)      [ -1.2 (1.0) ]
              2      -1.21 (57)      [ -1.2 (1.0) ]
              3      -1.24 (97)      [ -1.2 (1.0) ]
 log(etas:dE) 0   -0.87654 (20)      [ -0.92 (50) ]
              1     -0.449 (96)      [ -0.7 (1.0) ]
              2      -0.71 (74)      [ -0.7 (1.0) ]
              3      -0.68 (98)      [ -0.7 (1.0) ]
    log(Ds:a) 0   -1.53821 (85)      [ -1.2 (1.0) ]
              1     -1.289 (94)      [ -1.2 (1.0) ]
              2      -0.81 (40)      [ -1.2 (1.0) ]
              3      -1.13 (99)      [ -1.2 (1.0) ]
   log(Ds:dE) 0    0.18374 (11)      [  0.18 (17) ]
              1     -0.683 (41)      [ -0.7 (1.0) ]
              2      -0.66 (39)      [ -0.7 (1.0) ]
              3      -0.75 (99)      [ -0.7 (1.0) ]
   log(Ds:ao) 0      -2.72 (12)      [ -2.3 (1.0) ]
              1      -2.49 (40)      [ -2.3 (1.0) ]
              2      -2.15 (79)      [ -2.3 (1.0) ]
              3      -2.3 (1.0)      [ -2.3 (1.0) ]
  log(Ds:dEo) 0     0.3686 (99)      [  0.41 (24) ]
              1      -1.45 (50)      [ -0.7 (1.0) ]
              2      -0.72 (79)      [ -0.7 (1.0) ]
              3      -0.7 (1.0)      [ -0.7 (1.0) ]
        Vnn 0,0    0.76744 (90)      [  0.0 (1.0) ]
            0,1     -0.508 (41)      [  0.0 (1.0) ]
            0,2       0.45 (51)      [  0.0 (1.0) ]
            0,3       0.07 (99)      [  0.0 (1.0) ]
            1,0      0.043 (45)      [  0.0 (1.0) ]
            1,1       0.22 (80)      [  0.0 (1.0) ]
            1,2       0.0 (1.0)      [  0.0 (1.0) ]
            1,3       0.0 (1.0)      [  0.0 (1.0) ]
            2,0      -0.08 (30)      [  0.0 (1.0) ]
            2,1       0.0 (1.0)      [  0.0 (1.0) ]
            2,2       0.0 (1.0)      [  0.0 (1.0) ]
            2,3       0.0 (1.0)      [  0.0 (1.0) ]
            3,0      -0.06 (99)      [  0.0 (1.0) ]
            3,1       0.0 (1.0)      [  0.0 (1.0) ]
            3,2       0.0 (1.0)      [  0.0 (1.0) ]
            3,3       0.0 (1.0)      [  0.0 (1.0) ]
        Vno 0,0     -0.777 (75)      [  0.0 (1.0) ]
            0,1       0.30 (34)      [  0.0 (1.0) ]
            0,2       0.00 (87)      [  0.0 (1.0) ]
            0,3       0.0 (1.0)      [  0.0 (1.0) ]
            1,0       0.21 (45)      [  0.0 (1.0) ]
            1,1       0.07 (98)      [  0.0 (1.0) ]
            1,2       0.0 (1.0)      [  0.0 (1.0) ]
            1,3       0.0 (1.0)      [  0.0 (1.0) ]
            2,0      -0.05 (97)      [  0.0 (1.0) ]
            2,1       0.0 (1.0)      [  0.0 (1.0) ]
            2,2       0.0 (1.0)      [  0.0 (1.0) ]
            2,3       0.0 (1.0)      [  0.0 (1.0) ]
            3,0      -0.0 (1.0)      [  0.0 (1.0) ]
            3,1       0.0 (1.0)      [  0.0 (1.0) ]
            3,2       0.0 (1.0)      [  0.0 (1.0) ]
            3,3       0.0 (1.0)      [  0.0 (1.0) ]

Settings:
  svdcut = (None,None)   svdnum = (None,None)    reltol/abstol = 1e-10/1e-10

Fit results:
  Eetas: 0.416221(81) 1.055(62) 1.55(41)
  aetas: 0.21841(11) 0.205(55) 0.30(17)

  EDs: 1.20171(13) 1.707(21) 2.22(22)
  aDs: 0.21477(18) 0.275(26) 0.44(18)

  EDso: 1.446(14) 1.68(12) 2.17(44)
  aDso: 0.0660(77) 0.083(33) 0.117(93)

  etas->V->Ds  = 0.76744(90)
  etas->V->Dso = -0.777(75)

Values:
              metas: 0.416221(81)        
                mDs: 1.20171(13)         
           mDso-mDs: 0.244(14)           
                Vnn: 0.76744(90)         
                Vno: -0.777(75)          

Partial % Errors:
                         metas       mDs  mDso-mDs       Vnn       Vno
----------------------------------------------------------------------
         statistics:      0.02      0.01      4.03      0.11      7.01
        log(etas:a):      0.00      0.00      0.06      0.00      0.05
       log(etas:dE):      0.00      0.00      0.03      0.00      0.06
          log(Ds:a):      0.00      0.00      0.65      0.02      0.47
         log(Ds:dE):      0.00      0.00      0.66      0.02      0.25
         log(Ds:ao):      0.00      0.00      1.11      0.01      3.88
        log(Ds:dEo):      0.00      0.00      1.21      0.01      4.47
                Vnn:      0.00      0.00      0.80      0.03      1.01
                Vno:      0.00      0.00      3.70      0.01      2.70
                svd:      0.00      0.00      0.00      0.00      0.00
----------------------------------------------------------------------
              total:      0.02      0.01      5.84      0.12      9.63



