========================== nexp = 1   ratio = True
Least Square Fit:
  chi2/dof [dof] = 0.92 [69]    Q = 0.66    logGBF = 1585.4

Parameters:
  log(etas:a) 0   -1.52165 (76)      [ -1.2 (1.0) ]  
 log(etas:dE) 0   -0.87663 (28)      [ -0.92 (50) ]  
    log(Ds:a) 0    -1.5386 (10)      [ -1.2 (1.0) ]  
   log(Ds:dE) 0    0.18371 (14)      [  0.18 (17) ]  
   log(Ds:ao) 0     -2.603 (21)      [ -2.3 (1.0) ]  
  log(Ds:dEo) 0     0.3763 (30)      [  0.41 (24) ]  
        Vnn 0,0     0.7682 (12)      [  0.1 (1.0) ]  
        Vno 0,0     -0.747 (18)      [  0.1 (1.0) ]  

Settings:
  svdcut/n = 1e-15/0    reltol/abstol = 1e-10/1e-10    (itns/time = 1/0.0)

etas:dE = 0.41618(12)
 etas:E = 0.41618(12)  0.41618(12)  0.41618(12)
 etas:a = 0.21835(17)

Ds:dE = 1.20167(17)
 Ds:E = 1.20167(17)  1.20167(17)  1.20167(17)
 Ds:a = 0.21469(22)

etas->V->Ds = 0.7682(12)



Number of bootstrap iterations = 4 

     label             bs-median               bs-gvar                   fit
----------------------------------------------------------------------------
   etas:dE           0.41625(17)           0.41627(10)           0.41618(12)
    etas:a           0.21857(27)           0.21855(17)           0.21835(17)
     Ds:dE           1.20183(26)           1.20180(14)           1.20167(17)
      Ds:a           0.21498(38)           0.21491(19)           0.21469(22)
       Vnn            0.7694(22)            0.7698(11)            0.7682(12)
       Vno            -0.758(37)            -0.756(28)            -0.747(18)
