========================== nexp = 6
Least Square Fit:
  chi2/dof [dof] = 0.7 [69]    Q = 0.97    logGBF = 1602.2

Parameters:
  log(etas:a) 0   -1.52169 (72)      [  -1.2 (1.0) ]  
              1      -1.76 (43)      [  -1.2 (1.0) ]  
              2      -1.22 (44)      [  -1.2 (1.0) ]  
              3      -1.31 (96)      [  -1.2 (1.0) ]  
              4      -1.2 (1.0)      [  -1.2 (1.0) ]  
              5      -1.2 (1.0)      [  -1.2 (1.0) ]  
 log(etas:dE) 0   -0.87661 (28)      [  -0.92 (50) ]  
              1      -0.52 (15)      [  -0.7 (1.0) ]  
              2      -0.85 (65)      [  -0.7 (1.0) ]  
              3      -0.59 (95)      [  -0.7 (1.0) ]  
              4      -0.7 (1.0)      [  -0.7 (1.0) ]  
              5      -0.7 (1.0)      [  -0.7 (1.0) ]  
    log(Ds:a) 0   -1.53868 (91)      [  -1.2 (1.0) ]  
              1     -1.289 (74)      [  -1.2 (1.0) ]  
              2      -0.67 (40)      [  -1.2 (1.0) ]  
              3      -1.10 (99)      [  -1.2 (1.0) ]  
              4      -1.2 (1.0)      [  -1.2 (1.0) ]  
              5      -1.2 (1.0)      [  -1.2 (1.0) ]  
   log(Ds:dE) 0    0.18370 (13)      [   0.18 (17) ]  
              1     -0.689 (35)      [  -0.7 (1.0) ]  
              2      -0.53 (33)      [  -0.7 (1.0) ]  
              3      -0.78 (99)      [  -0.7 (1.0) ]  
              4      -0.7 (1.0)      [  -0.7 (1.0) ]  
              5      -0.7 (1.0)      [  -0.7 (1.0) ]  
   log(Ds:ao) 0      -2.76 (14)      [  -2.3 (1.0) ]  
              1      -2.53 (33)      [  -2.3 (1.0) ]  
              2      -2.16 (80)      [  -2.3 (1.0) ]  
              3      -2.3 (1.0)      [  -2.3 (1.0) ]  
              4      -2.3 (1.0)      [  -2.3 (1.0) ]  
              5      -2.3 (1.0)      [  -2.3 (1.0) ]  
  log(Ds:dEo) 0      0.366 (11)      [   0.41 (24) ]  
              1      -1.60 (54)      [  -0.7 (1.0) ]  
              2      -0.65 (73)      [  -0.7 (1.0) ]  
              3      -0.7 (1.0)      [  -0.7 (1.0) ]  
              4      -0.7 (1.0)      [  -0.7 (1.0) ]  
              5      -0.7 (1.0)      [  -0.7 (1.0) ]  
        Vnn 0,0    0.76726 (76)      [ 0.01 (1.00) ]  
            0,1     -0.493 (33)      [ 0.01 (1.00) ]  
            0,2       0.50 (51)      [ 0.01 (1.00) ]  
            0,3       0.07 (99)      [ 0.01 (1.00) ]  
            0,4     0.02 (1.00)      [ 0.01 (1.00) ]  
            0,5     0.01 (1.00)      [ 0.01 (1.00) ]  
            1,0      0.050 (41)      [ 0.01 (1.00) ]  
            1,1       0.25 (70)      [ 0.01 (1.00) ]  
            1,2   0.004 (0.995)      [ 0.01 (1.00) ]  
            1,3   0.009 (1.000)      [ 0.01 (1.00) ]  
            1,4     0.01 (1.00)      [ 0.01 (1.00) ]  
            1,5     0.01 (1.00)      [ 0.01 (1.00) ]  
            2,0      -0.07 (19)      [ 0.01 (1.00) ]  
            2,1     0.06 (1.00)      [ 0.01 (1.00) ]  
            2,2     0.01 (1.00)      [ 0.01 (1.00) ]  
            2,3     0.01 (1.00)      [ 0.01 (1.00) ]  
            2,4     0.01 (1.00)      [ 0.01 (1.00) ]  
            2,5     0.01 (1.00)      [ 0.01 (1.00) ]  
            3,0       0.01 (98)      [ 0.01 (1.00) ]  
            3,1     0.01 (1.00)      [ 0.01 (1.00) ]  
            3,2     0.01 (1.00)      [ 0.01 (1.00) ]  
            3,3     0.01 (1.00)      [ 0.01 (1.00) ]  
            3,4     0.01 (1.00)      [ 0.01 (1.00) ]  
            3,5     0.01 (1.00)      [ 0.01 (1.00) ]  
            4,0     0.01 (1.00)      [ 0.01 (1.00) ]  
            4,1     0.01 (1.00)      [ 0.01 (1.00) ]  
            4,2     0.01 (1.00)      [ 0.01 (1.00) ]  
            4,3     0.01 (1.00)      [ 0.01 (1.00) ]  
            4,4     0.01 (1.00)      [ 0.01 (1.00) ]  
            4,5     0.01 (1.00)      [ 0.01 (1.00) ]  
            5,0     0.01 (1.00)      [ 0.01 (1.00) ]  
            5,1     0.01 (1.00)      [ 0.01 (1.00) ]  
            5,2     0.01 (1.00)      [ 0.01 (1.00) ]  
            5,3     0.01 (1.00)      [ 0.01 (1.00) ]  
            5,4     0.01 (1.00)      [ 0.01 (1.00) ]  
            5,5     0.01 (1.00)      [ 0.01 (1.00) ]  
        Vno 0,0     -0.792 (92)      [ 0.01 (1.00) ]  
            0,1       0.25 (32)      [ 0.01 (1.00) ]  
            0,2     0.009 (844)      [ 0.01 (1.00) ]  
            0,3     0.02 (1.00)      [ 0.01 (1.00) ]  
            0,4     0.01 (1.00)      [ 0.01 (1.00) ]  
            0,5     0.01 (1.00)      [ 0.01 (1.00) ]  
            1,0       0.37 (45)      [ 0.01 (1.00) ]  
            1,1       0.23 (95)      [ 0.01 (1.00) ]  
            1,2   0.007 (0.999)      [ 0.01 (1.00) ]  
            1,3   0.009 (1.000)      [ 0.01 (1.00) ]  
            1,4     0.01 (1.00)      [ 0.01 (1.00) ]  
            1,5     0.01 (1.00)      [ 0.01 (1.00) ]  
            2,0      -0.16 (93)      [ 0.01 (1.00) ]  
            2,1     0.01 (1.00)      [ 0.01 (1.00) ]  
            2,2     0.01 (1.00)      [ 0.01 (1.00) ]  
            2,3     0.01 (1.00)      [ 0.01 (1.00) ]  
            2,4     0.01 (1.00)      [ 0.01 (1.00) ]  
            2,5     0.01 (1.00)      [ 0.01 (1.00) ]  
            3,0    -0.01 (1.00)      [ 0.01 (1.00) ]  
            3,1   0.007 (1.000)      [ 0.01 (1.00) ]  
            3,2     0.01 (1.00)      [ 0.01 (1.00) ]  
            3,3     0.01 (1.00)      [ 0.01 (1.00) ]  
            3,4     0.01 (1.00)      [ 0.01 (1.00) ]  
            3,5     0.01 (1.00)      [ 0.01 (1.00) ]  
            4,0   0.007 (1.000)      [ 0.01 (1.00) ]  
            4,1     0.01 (1.00)      [ 0.01 (1.00) ]  
            4,2     0.01 (1.00)      [ 0.01 (1.00) ]  
            4,3     0.01 (1.00)      [ 0.01 (1.00) ]  
            4,4     0.01 (1.00)      [ 0.01 (1.00) ]  
            4,5     0.01 (1.00)      [ 0.01 (1.00) ]  
            5,0     0.01 (1.00)      [ 0.01 (1.00) ]  
            5,1     0.01 (1.00)      [ 0.01 (1.00) ]  
            5,2     0.01 (1.00)      [ 0.01 (1.00) ]  
            5,3     0.01 (1.00)      [ 0.01 (1.00) ]  
            5,4     0.01 (1.00)      [ 0.01 (1.00) ]  
            5,5     0.01 (1.00)      [ 0.01 (1.00) ]  

Settings:
  svdcut/n = 1e-15/0    reltol/abstol = 1e-10/1e-10    (itns/time = 1/0.2)

etas:dE = 0.41619(12)  0.593(87)  0.43(28)
 etas:E = 0.41619(12)  1.009(87)  1.43(35)
 etas:a = 0.21834(16)  0.172(73)  0.29(13)

Ds:dE = 1.20166(16)  0.502(17)  0.59(19)
 Ds:E = 1.20166(16)  1.704(17)  2.29(20)
 Ds:a = 0.21466(20)  0.275(20)  0.51(21)

etas->V->Ds  = 0.76726(76)
etas->V->Dso = -0.792(92)

Partial % Errors:
                           Vnn       Vno     Eetas       EDs
------------------------------------------------------------
              stat.:     0.090     8.599     0.028     0.013
                svd:     0.000     0.000     0.000     0.000
        log(etas:a):     0.006     0.370     0.002     0.000
       log(etas:dE):     0.008     0.389     0.002     0.000
          log(Ds:a):     0.016     0.974     0.001     0.001
         log(Ds:dE):     0.016     0.610     0.001     0.001
         log(Ds:ao):     0.005     3.819     0.000     0.001
        log(Ds:dEo):     0.005     5.632     0.000     0.001
                Vnn:     0.031     1.029     0.001     0.002
                Vno:     0.006     3.405     0.001     0.002
------------------------------------------------------------
              total:     0.099    11.599     0.028     0.013




fast_fit Analysis:
    etas:  E = 0.41620(12)    E_fit = 0.41619(12)   chi2/dof = 0.73   Q = 0.8
           a = 0.21837(18)    a_fit = 0.21834(16)   chi2/dof = 0.77   Q = 0.8

      Ds:  E = 1.20164(18)    E_fit = 1.20166(16)   chi2/dof = 0.83   Q = 0.7
           a = 0.21465(24)    a_fit = 0.21466(20)   chi2/dof = 0.86   Q = 0.7

      Ds: Eo = 1.445(12)   Eo_fit = 1.442(16)   chi2/dof = 0.84   Q = 0.7

