========================== nexp = 6
Chained Least Square Fit:
  chi2/dof [dof] = 0.66 [69]    Q = 0.99    logGBF = 1592.5

Parameters:
  log(etas:a) 0     -1.52172 (71)       [  -1.2 (1.0) ]  
              1        -1.77 (10)       [  -1.2 (1.0) ]  
              2        -1.15 (36)       [  -1.2 (1.0) ]  
              3        -1.38 (96)       [  -1.2 (1.0) ]  
              4        -1.2 (1.0)       [  -1.2 (1.0) ]  
              5        -1.2 (1.0)       [  -1.2 (1.0) ]  
 log(etas:dE) 0     -0.87661 (28)       [  -0.92 (50) ]  
              1       -0.528 (50)       [  -0.7 (1.0) ]  
              2        -0.81 (20)       [  -0.7 (1.0) ]  
              3        -0.53 (95)       [  -0.7 (1.0) ]  
              4        -0.7 (1.0)       [  -0.7 (1.0) ]  
              5        -0.7 (1.0)       [  -0.7 (1.0) ]  
    log(Ds:a) 0     -1.53951 (97)       [  -1.2 (1.0) ]  
              1       -1.450 (97)       [  -1.2 (1.0) ]  
              2        -1.01 (35)       [  -1.2 (1.0) ]  
              3        -1.08 (96)       [  -1.2 (1.0) ]  
              4        -1.2 (1.0)       [  -1.2 (1.0) ]  
              5        -1.2 (1.0)       [  -1.2 (1.0) ]  
   log(Ds:dE) 0      0.18362 (14)       [   0.18 (17) ]  
              1       -0.764 (42)       [  -0.7 (1.0) ]  
              2        -0.95 (35)       [  -0.7 (1.0) ]  
              3        -0.91 (94)       [  -0.7 (1.0) ]  
              4        -0.7 (1.0)       [  -0.7 (1.0) ]  
              5        -0.7 (1.0)       [  -0.7 (1.0) ]  
   log(Ds:ao) 0       -2.611 (20)       [  -2.3 (1.0) ]  
              1        -2.29 (24)       [  -2.3 (1.0) ]  
              2        -2.39 (97)       [  -2.3 (1.0) ]  
              3        -2.3 (1.0)       [  -2.3 (1.0) ]  
              4        -2.3 (1.0)       [  -2.3 (1.0) ]  
              5        -2.3 (1.0)       [  -2.3 (1.0) ]  
  log(Ds:dEo) 0       0.3764 (28)       [   0.41 (24) ]  
              1        -1.04 (16)       [  -0.7 (1.0) ]  
              2        -0.22 (81)       [  -0.7 (1.0) ]  
              3        -0.7 (1.0)       [  -0.7 (1.0) ]  
              4        -0.7 (1.0)       [  -0.7 (1.0) ]  
              5        -0.7 (1.0)       [  -0.7 (1.0) ]  
        Vnn 0,0       0.7676 (12)       [ 0.01 (1.00) ]  
            0,1       -0.416 (22)       [ 0.01 (1.00) ]  
            0,2        -0.09 (14)       [ 0.01 (1.00) ]  
            0,3        -0.25 (73)       [ 0.01 (1.00) ]  
            0,4    -0.006 (0.997)       [ 0.01 (1.00) ]  
            0,5     0.009 (1.000)       [ 0.01 (1.00) ]  
            1,0        0.080 (55)       [ 0.01 (1.00) ]  
            1,1        -0.18 (98)       [ 0.01 (1.00) ]  
            1,2       0.02 (1.00)       [ 0.01 (1.00) ]  
            1,3       0.01 (1.00)       [ 0.01 (1.00) ]  
            1,4       0.01 (1.00)       [ 0.01 (1.00) ]  
            1,5       0.01 (1.00)       [ 0.01 (1.00) ]  
            2,0        -0.23 (22)       [ 0.01 (1.00) ]  
            2,1   0.0002 (1.0000)       [ 0.01 (1.00) ]  
            2,2       0.01 (1.00)       [ 0.01 (1.00) ]  
            2,3       0.01 (1.00)       [ 0.01 (1.00) ]  
            2,4       0.01 (1.00)       [ 0.01 (1.00) ]  
            2,5       0.01 (1.00)       [ 0.01 (1.00) ]  
            3,0        -0.02 (99)       [ 0.01 (1.00) ]  
            3,1       0.01 (1.00)       [ 0.01 (1.00) ]  
            3,2       0.01 (1.00)       [ 0.01 (1.00) ]  
            3,3       0.01 (1.00)       [ 0.01 (1.00) ]  
            3,4       0.01 (1.00)       [ 0.01 (1.00) ]  
            3,5       0.01 (1.00)       [ 0.01 (1.00) ]  
            4,0     0.003 (1.000)       [ 0.01 (1.00) ]  
            4,1       0.01 (1.00)       [ 0.01 (1.00) ]  
            4,2       0.01 (1.00)       [ 0.01 (1.00) ]  
            4,3       0.01 (1.00)       [ 0.01 (1.00) ]  
            4,4       0.01 (1.00)       [ 0.01 (1.00) ]  
            4,5       0.01 (1.00)       [ 0.01 (1.00) ]  
            5,0     0.009 (1.000)       [ 0.01 (1.00) ]  
            5,1       0.01 (1.00)       [ 0.01 (1.00) ]  
            5,2       0.01 (1.00)       [ 0.01 (1.00) ]  
            5,3       0.01 (1.00)       [ 0.01 (1.00) ]  
            5,4       0.01 (1.00)       [ 0.01 (1.00) ]  
            5,5       0.01 (1.00)       [ 0.01 (1.00) ]  
        Vno 0,0       -0.754 (26)       [ 0.01 (1.00) ]  
            0,1         0.60 (13)       [ 0.01 (1.00) ]  
            0,2        -0.67 (67)       [ 0.01 (1.00) ]  
            0,3      -0.03 (1.00)       [ 0.01 (1.00) ]  
            0,4     0.007 (1.000)       [ 0.01 (1.00) ]  
            0,5       0.01 (1.00)       [ 0.01 (1.00) ]  
            1,0        -0.24 (38)       [ 0.01 (1.00) ]  
            1,1     0.006 (1.000)       [ 0.01 (1.00) ]  
            1,2       0.01 (1.00)       [ 0.01 (1.00) ]  
            1,3       0.01 (1.00)       [ 0.01 (1.00) ]  
            1,4       0.01 (1.00)       [ 0.01 (1.00) ]  
            1,5       0.01 (1.00)       [ 0.01 (1.00) ]  
            2,0        -0.11 (98)       [ 0.01 (1.00) ]  
            2,1     0.008 (1.000)       [ 0.01 (1.00) ]  
            2,2       0.01 (1.00)       [ 0.01 (1.00) ]  
            2,3       0.01 (1.00)       [ 0.01 (1.00) ]  
            2,4       0.01 (1.00)       [ 0.01 (1.00) ]  
            2,5       0.01 (1.00)       [ 0.01 (1.00) ]  
            3,0     0.006 (1.000)       [ 0.01 (1.00) ]  
            3,1       0.01 (1.00)       [ 0.01 (1.00) ]  
            3,2       0.01 (1.00)       [ 0.01 (1.00) ]  
            3,3       0.01 (1.00)       [ 0.01 (1.00) ]  
            3,4       0.01 (1.00)       [ 0.01 (1.00) ]  
            3,5       0.01 (1.00)       [ 0.01 (1.00) ]  
            4,0     0.009 (1.000)       [ 0.01 (1.00) ]  
            4,1       0.01 (1.00)       [ 0.01 (1.00) ]  
            4,2       0.01 (1.00)       [ 0.01 (1.00) ]  
            4,3       0.01 (1.00)       [ 0.01 (1.00) ]  
            4,4       0.01 (1.00)       [ 0.01 (1.00) ]  
            4,5       0.01 (1.00)       [ 0.01 (1.00) ]  
            5,0       0.01 (1.00)       [ 0.01 (1.00) ]  
            5,1       0.01 (1.00)       [ 0.01 (1.00) ]  
            5,2       0.01 (1.00)       [ 0.01 (1.00) ]  
            5,3       0.01 (1.00)       [ 0.01 (1.00) ]  
            5,4       0.01 (1.00)       [ 0.01 (1.00) ]  
            5,5       0.01 (1.00)       [ 0.01 (1.00) ]  

Settings:
  svdcut/n = 1e-15/0    reltol/abstol = 1e-10/1e-10    (itns/time = 16/1.2)

etas:dE = 0.41619(12)  0.590(29)  0.446(88)
 etas:E = 0.41619(12)  1.006(29)  1.452(70)
 etas:a = 0.21834(16)  0.171(17)  0.32(11)

Ds:dE = 1.20156(17)  0.466(20)  0.39(14)
 Ds:E = 1.20156(17)  1.668(20)  2.05(15)
 Ds:a = 0.21449(21)  0.235(23)  0.36(13)

etas->V->Ds  = 0.7676(12)
etas->V->Dso = -0.754(26)

Partial % Errors:
                           Vnn       Vno     Eetas       EDs
------------------------------------------------------------
              stat.:     0.131     3.026     0.028     0.014
                svd:     0.000     0.000     0.000     0.000
        log(etas:a):     0.023     0.247     0.001     0.001
       log(etas:dE):     0.019     0.259     0.001     0.001
          log(Ds:a):     0.035     0.326     0.001     0.001
         log(Ds:dE):     0.048     0.255     0.001     0.002
         log(Ds:ao):     0.010     0.923     0.000     0.001
        log(Ds:dEo):     0.017     0.577     0.000     0.001
                Vnn:     0.037     0.382     0.001     0.001
                Vno:     0.034     1.087     0.001     0.002
------------------------------------------------------------
              total:     0.156     3.460     0.028     0.014




