============================== nterm = 1
Least Square Fit:
  chi2/dof [dof] = 1.7e+04 [53]    Q = 0    logGBF = -4.4415e+05

Parameters:
       log(a) 0   -1.12645 (17)      [ -1.2 (1.0) ]  
      log(dE) 0   0.363429 (67)      [  0.18 (17) ]  *
      log(ao) 0    -0.7093 (15)      [ -2.3 (1.0) ]  *
     log(dEo) 0    0.82253 (39)      [  0.41 (24) ]  *
          Vnn 0    0.16757 (35)      [  0.0 (1.0) ]  
          Voo 0      -0.3 (1.0)      [  0.0 (1.0) ]  
        Vno 0,0    -0.2938 (41)      [  0.0 (1.0) ]  
---------------------------------------------------
            a 0   0.324183 (54)      [  0.30 (30) ]  
           dE 0   1.438253 (96)      [  1.20 (20) ]  *
           ao 0    0.49198 (73)      [  0.10 (10) ]  ***
          dEo 0    2.27626 (89)      [  1.50 (36) ]  **

Settings:
  svdcut/n = 1e-15/0    reltol/abstol = 1e-10/1e-10*    (itns/time = 38/0.2)

============================== nterm = 2
Least Square Fit:
  chi2/dof [dof] = 6.8 [53]    Q = 8.3e-47    logGBF = 1407.9

Parameters:
       log(a) 0      -1.52375 (90)        [ -1.2 (1.0) ]  
              1       -0.6979 (19)        [ -1.2 (1.0) ]  
      log(dE) 0       0.27500 (17)        [  0.18 (17) ]  
              1       -0.3614 (21)        [ -0.7 (1.0) ]  
      log(ao) 0        -2.620 (14)        [ -2.3 (1.0) ]  
              1       -1.9630 (69)        [ -2.3 (1.0) ]  
     log(dEo) 0        0.3517 (16)        [  0.41 (24) ]  
              1        -0.941 (17)        [ -0.7 (1.0) ]  
          Vnn 0       0.10827 (26)        [  0.0 (1.0) ]  
              1       -0.0195 (12)        [  0.0 (1.0) ]  
              2    0.0002 (1.0000)        [  0.0 (1.0) ]  
          Voo 0        -0.051 (12)        [  0.0 (1.0) ]  
              1        -0.010 (21)        [  0.0 (1.0) ]  
              2   -0.0004 (1.0000)        [  0.0 (1.0) ]  
        Vno 0,0       -0.2063 (29)        [  0.0 (1.0) ]  
            0,1        0.0078 (51)        [  0.0 (1.0) ]  
            1,0         0.011 (14)        [  0.0 (1.0) ]  
            1,1         -2.31 (96)        [  0.0 (1.0) ]  **
--------------------------------------------------------
            a 0       0.21789 (20)        [  0.30 (30) ]  
              1       0.49762 (96)        [  0.30 (30) ]  
           dE 0       1.31653 (22)        [  1.20 (20) ]  
              1        0.6967 (15)        [  0.50 (50) ]  
           ao 0       0.07278 (98)        [  0.10 (10) ]  
              1       0.14044 (96)        [  0.10 (10) ]  
          dEo 0        1.4215 (23)        [  1.50 (36) ]  
              1        0.3904 (66)        [  0.50 (50) ]  

Settings:
  svdcut/n = 1e-15/0    reltol/abstol = 1e-10/1e-10*    (itns/time = 66/0.6)

============================== nterm = 3
Least Square Fit:
  chi2/dof [dof] = 0.74 [53]    Q = 0.92    logGBF = 1551.7

Parameters:
       log(a) 0       -1.5548 (53)        [ -1.2 (1.0) ]  
              1         -1.59 (25)        [ -1.2 (1.0) ]  
              2        -0.670 (14)        [ -1.2 (1.0) ]  
      log(dE) 0       0.27135 (52)        [  0.18 (17) ]  
              1         -0.90 (17)        [ -0.7 (1.0) ]  
              2        -0.803 (42)        [ -0.7 (1.0) ]  
      log(ao) 0         -2.79 (19)        [ -2.3 (1.0) ]  
              1         -2.22 (26)        [ -2.3 (1.0) ]  
              2         -2.36 (40)        [ -2.3 (1.0) ]  
     log(dEo) 0         0.339 (15)        [  0.41 (24) ]  
              1         -1.36 (36)        [ -0.7 (1.0) ]  
              2         -0.92 (91)        [ -0.7 (1.0) ]  
          Vnn 0        0.1062 (14)        [  0.0 (1.0) ]  
              1        0.0021 (78)        [  0.0 (1.0) ]  
              2        -0.028 (10)        [  0.0 (1.0) ]  
              3      0.003 (0.999)        [  0.0 (1.0) ]  
              4     -0.001 (0.999)        [  0.0 (1.0) ]  
              5         3e-05 +- 1        [  0.0 (1.0) ]  
          Voo 0        -0.082 (94)        [  0.0 (1.0) ]  
              1        0.007 (161)        [  0.0 (1.0) ]  
              2       -0.007 (404)        [  0.0 (1.0) ]  
              3     -0.004 (0.999)        [  0.0 (1.0) ]  
              4      0.002 (1.000)        [  0.0 (1.0) ]  
              5        -7e-06 +- 1        [  0.0 (1.0) ]  
        Vno 0,0        -0.211 (11)        [  0.0 (1.0) ]  
            0,1        -0.011 (56)        [  0.0 (1.0) ]  
            0,2         0.019 (66)        [  0.0 (1.0) ]  
            1,0          0.04 (11)        [  0.0 (1.0) ]  
            1,1   -0.0003 (0.9979)        [  0.0 (1.0) ]  
            1,2   -0.0005 (1.0000)        [  0.0 (1.0) ]  
            2,0        0.003 (102)        [  0.0 (1.0) ]  
            2,1      0.009 (0.999)        [  0.0 (1.0) ]  
            2,2        -7e-06 +- 1        [  0.0 (1.0) ]  
--------------------------------------------------------
            a 0        0.2112 (11)        [  0.30 (30) ]  
              1         0.204 (51)        [  0.30 (30) ]  
              2        0.5116 (72)        [  0.30 (30) ]  
           dE 0       1.31174 (69)        [  1.20 (20) ]  
              1         0.405 (68)        [  0.50 (50) ]  
              2         0.448 (19)        [  0.50 (50) ]  
           ao 0         0.061 (11)        [  0.10 (10) ]  
              1         0.109 (29)        [  0.10 (10) ]  
              2         0.094 (38)        [  0.10 (10) ]  
          dEo 0         1.403 (20)        [  1.50 (36) ]  
              1         0.256 (93)        [  0.50 (50) ]  
              2          0.40 (36)        [  0.50 (50) ]  

Settings:
  svdcut/n = 1e-15/0    reltol/abstol = 1e-10/1e-10    (itns/time = 179/1.5)

============================== nterm = 4
Least Square Fit:
  chi2/dof [dof] = 0.74 [53]    Q = 0.92    logGBF = 1551.4

Parameters:
       log(a) 0       -1.5556 (60)        [ -1.2 (1.0) ]  
              1         -1.70 (34)        [ -1.2 (1.0) ]  
              2         -0.74 (15)        [ -1.2 (1.0) ]  
              3         -1.41 (87)        [ -1.2 (1.0) ]  
      log(dE) 0       0.27129 (57)        [  0.18 (17) ]  
              1         -0.96 (23)        [ -0.7 (1.0) ]  
              2         -0.87 (14)        [ -0.7 (1.0) ]  
              3         -0.86 (98)        [ -0.7 (1.0) ]  
      log(ao) 0         -2.80 (16)        [ -2.3 (1.0) ]  
              1         -2.17 (17)        [ -2.3 (1.0) ]  
              2         -2.52 (60)        [ -2.3 (1.0) ]  
              3         -2.52 (96)        [ -2.3 (1.0) ]  
     log(dEo) 0         0.338 (13)        [  0.41 (24) ]  
              1         -1.33 (25)        [ -0.7 (1.0) ]  
              2         -0.85 (95)        [ -0.7 (1.0) ]  
              3         -0.57 (97)        [ -0.7 (1.0) ]  
          Vnn 0        0.1082 (38)        [  0.0 (1.0) ]  
              1        -0.029 (52)        [  0.0 (1.0) ]  
              2          0.06 (15)        [  0.0 (1.0) ]  
              3         -0.37 (63)        [  0.0 (1.0) ]  
              4      0.007 (0.999)        [  0.0 (1.0) ]  
              5      0.007 (0.998)        [  0.0 (1.0) ]  
              6        0.01 (1.00)        [  0.0 (1.0) ]  
              7    0.0001 (1.0000)        [  0.0 (1.0) ]  
              8         2e-05 +- 1        [  0.0 (1.0) ]  
              9         6e-08 +- 1        [  0.0 (1.0) ]  
          Voo 0         -0.15 (15)        [  0.0 (1.0) ]  
              1          0.12 (26)        [  0.0 (1.0) ]  
              2         -0.26 (72)        [  0.0 (1.0) ]  
              3         -0.13 (97)        [  0.0 (1.0) ]  
              4     -0.007 (0.999)        [  0.0 (1.0) ]  
              5     -0.002 (1.000)        [  0.0 (1.0) ]  
              6     -0.006 (1.000)        [  0.0 (1.0) ]  
              7        -5e-06 +- 1        [  0.0 (1.0) ]  
              8        -5e-06 +- 1        [  0.0 (1.0) ]  
              9        -1e-09 +- 1        [  0.0 (1.0) ]  
        Vno 0,0        -0.207 (14)        [  0.0 (1.0) ]  
            0,1        -0.025 (62)        [  0.0 (1.0) ]  
            0,2          0.12 (26)        [  0.0 (1.0) ]  
            0,3         -0.13 (95)        [  0.0 (1.0) ]  
            1,0          0.01 (12)        [  0.0 (1.0) ]  
            1,1     -0.006 (0.999)        [  0.0 (1.0) ]  
            1,2   -0.0008 (1.0000)        [  0.0 (1.0) ]  
            1,3    0.0006 (1.0000)        [  0.0 (1.0) ]  
            2,0          0.06 (22)        [  0.0 (1.0) ]  
            2,1        0.01 (1.00)        [  0.0 (1.0) ]  
            2,2        -1e-05 +- 1        [  0.0 (1.0) ]  
            2,3        -4e-06 +- 1        [  0.0 (1.0) ]  
            3,0         -0.17 (93)        [  0.0 (1.0) ]  
            3,1     -0.003 (1.000)        [  0.0 (1.0) ]  
            3,2         5e-06 +- 1        [  0.0 (1.0) ]  
            3,3         1e-08 +- 1        [  0.0 (1.0) ]  
--------------------------------------------------------
            a 0        0.2111 (13)        [  0.30 (30) ]  
              1         0.183 (63)        [  0.30 (30) ]  
              2         0.476 (72)        [  0.30 (30) ]  
              3          0.24 (21)        [  0.30 (30) ]  
           dE 0       1.31166 (74)        [  1.20 (20) ]  
              1         0.382 (87)        [  0.50 (50) ]  
              2         0.418 (60)        [  0.50 (50) ]  
              3          0.42 (42)        [  0.50 (50) ]  
           ao 0        0.0611 (96)        [  0.10 (10) ]  
              1         0.114 (19)        [  0.10 (10) ]  
              2         0.080 (48)        [  0.10 (10) ]  
              3         0.080 (77)        [  0.10 (10) ]  
          dEo 0         1.402 (18)        [  1.50 (36) ]  
              1         0.266 (66)        [  0.50 (50) ]  
              2          0.43 (40)        [  0.50 (50) ]  
              3          0.56 (55)        [  0.50 (50) ]  

Settings:
  svdcut/n = 1e-15/0    reltol/abstol = 1e-10/1e-10    (itns/time = 41/0.7)


Values:
                mDs: 1.31166(74)         
                Vnn: 0.1082(38)          

Partial % Errors:
                  mDs       Vnn
-------------------------------
statistics:      0.05      2.32
    log(a):      0.02      1.05
   log(dE):      0.01      0.64
   log(ao):      0.01      0.33
  log(dEo):      0.00      0.16
       Vnn:      0.00      1.78
       Voo:      0.00      1.39
       Vno:      0.00      0.46
       svd:      0.00      0.00
-------------------------------
     total:      0.06      3.51

