============================== nterm = 1
Least Square Fit:
  chi2/dof [dof] = 7.3e+02 [164]    Q = 0    logGBF = -58336

Settings:
  svdcut/n = 0.007/130    tol = (1e-08*,1e-10,1e-10)    (itns/time = 19/0.2)

============================== nterm = 2
Least Square Fit:
  chi2/dof [dof] = 1.1e+02 [164]    Q = 0    logGBF = -7719.3

Settings:
  svdcut/n = 0.007/130    tol = (1e-08*,1e-10,1e-10)    (itns/time = 18/0.2)

============================== nterm = 3
Least Square Fit:
  chi2/dof [dof] = 5.7 [164]    Q = 6.5e-109    logGBF = 868.59

Settings:
  svdcut/n = 0.007/130    tol = (1e-08*,1e-10,1e-10)    (itns/time = 18/0.2)

============================== nterm = 4
Least Square Fit:
  chi2/dof [dof] = 1.2 [164]    Q = 0.047    logGBF = 1223

Settings:
  svdcut/n = 0.007/130    tol = (1e-08*,1e-10,1e-10)    (itns/time = 34/0.3)

============================== nterm = 5
Least Square Fit:
  chi2/dof [dof] = 0.42 [164]    Q = 1    logGBF = 1273.8

Settings:
  svdcut/n = 0.007/130    tol = (1e-08*,1e-10,1e-10)    (itns/time = 67/0.5)

============================== nterm = 6
Least Square Fit:
  chi2/dof [dof] = 0.37 [164]    Q = 1    logGBF = 1270.5

Settings:
  svdcut/n = 0.007/130    tol = (1e-08*,1e-10,1e-10)    (itns/time = 117/0.8)

============================== nterm = 7
Least Square Fit:
  chi2/dof [dof] = 0.32 [164]    Q = 1    logGBF = 1270.3

Parameters:
       etab.l 0   -0.50587 (94)      [  -0.51 (17) ]  
              1     -0.395 (13)      [  -0.45 (16) ]  
              2      0.417 (44)      [   0.50 (17) ]  
              3      -0.18 (28)      [  -0.06 (87) ]  
              4       0.16 (27)      [  -0.06 (87) ]  
              5       0.55 (10)      [  -0.06 (87) ]  
              6      -0.08 (46)      [  -0.06 (87) ]  
 log(etab.dE) 0    -1.3621 (11)      [  -1.3 (2.3) ]  
              1     -0.632 (19)      [  -0.5 (1.0) ]  
              2      -1.10 (10)      [  -0.5 (1.0) ]  
              3      -0.85 (66)      [  -0.5 (1.0) ]  
              4      -1.02 (71)      [  -0.5 (1.0) ]  
              5      -0.67 (85)      [  -0.5 (1.0) ]  
              6      -0.61 (97)      [  -0.5 (1.0) ]  
       etab.g 0    -0.8701 (17)      [  -0.88 (27) ]  
              1      0.146 (10)      [  0.104 (97) ]  
              2      0.061 (33)      [  0.051 (92) ]  
              3     -0.201 (62)      [  -0.13 (90) ]  
              4      -0.05 (14)      [  -0.13 (90) ]  
              5       0.09 (14)      [  -0.13 (90) ]  
              6       0.13 (17)      [  -0.13 (90) ]  
       etab.d 0   -0.21609 (51)      [ -0.243 (86) ]  
              1    -0.4168 (99)      [  -0.50 (15) ]  
              2     -0.240 (35)      [ -0.268 (91) ]  
              3      -0.12 (11)      [  -0.21 (60) ]  
              4      -0.07 (17)      [  -0.21 (60) ]  
              5       0.07 (30)      [  -0.21 (60) ]  
              6      -0.47 (17)      [  -0.21 (60) ]  
       etab.e 0   -0.19697 (46)      [ -0.211 (83) ]  
              1     -0.347 (10)      [  -0.42 (13) ]  
              2     -0.275 (38)      [  -0.30 (10) ]  
              3      -0.19 (19)      [  -0.12 (61) ]  
              4       0.31 (14)      [  -0.12 (61) ]  
              5      -0.06 (21)      [  -0.12 (61) ]  
              6      -0.26 (23)      [  -0.12 (61) ]  
----------------------------------------------------
      etab.dE 0    0.25613 (29)      [   0.27 (62) ]  
              1      0.532 (10)      [   0.62 (62) ]  
              2      0.333 (34)      [   0.62 (62) ]  
              3       0.43 (28)      [   0.62 (62) ]  
              4       0.36 (25)      [   0.62 (62) ]  
              5       0.51 (44)      [   0.62 (62) ]  
              6       0.55 (53)      [   0.62 (62) ]  

Settings:
  svdcut/n = 0.007/130    tol = (1e-08*,1e-10,1e-10)    (itns/time = 60/0.5)

============================== Results

       E            l            g           d            e          
    =================================================================
     0 0.25613(29) -0.50587(94) -0.8701(17) -0.21609(51) -0.19697(46)
     1 0.788(10)   -0.395(13)    0.146(10)  -0.4168(99)  -0.347(10)  
     2 1.121(37)    0.417(44)    0.061(33)  -0.240(35)   -0.275(38)  
     3 1.55(29)    -0.18(28)    -0.201(62)  -0.12(11)    -0.19(19)   

       E            0           1           2            3          
    ================================================================
     0 0.25613(29)  0.9810(19)  0.0069(10) -0.00168(66)  0.00156(50)
     1 0.788(10)   -0.038(12)   0.891(15)  -0.022(20)    0.014(11)  
     2 1.121(37)    0.011(41)   0.060(58)   0.854(54)    0.008(39)  
     3 1.55(29)     0.251(47)   0.15(23)    0.08(37)    -0.20(37)   

Values:
         a*E(2s-1s): 0.532(10)           
         a*E(3s-1s): 0.865(37)           
  E(3s-1s)/E(2s-1s): 1.627(65)           

Partial % Errors:
                            a*E(2s-1s)        a*E(3s-1s) E(3s-1s)/E(2s-1s)
--------------------------------------------------------------------------
              prior:              0.59              2.67              2.44
               data:              1.36              2.22              1.95
             svdcut:              1.23              2.42              2.51
--------------------------------------------------------------------------
              total:              1.93              4.23              4.01

Prior:

etab.l       [-0.51(17), -0.45(16), 0.50(17), -0.06(87), -0.06(87), -0.06(87), -0.06(87)]
etab.g       [-0.88(27), 0.104(97), 0.051(92), -0.13(90), -0.13(90), -0.13(90), -0.13(90)]
etab.d       [-0.243(86), -0.50(15), -0.268(91), -0.21(60), -0.21(60), -0.21(60), -0.21(60)]
etab.e       [-0.211(83), -0.42(13), -0.30(10), -0.12(61), -0.12(61), -0.12(61), -0.12(61)]

etab.0       [1.00(30), 0.03(10), 0.03(10), 0.2(1.0), 0.2(1.0), 0.2(1.0), 0.2(1.0)]
etab.1       [0.03(10), 1.00(30), 0.03(10), 0.2(1.0), 0.2(1.0), 0.2(1.0), 0.2(1.0)]
etab.2       [0.03(10), 0.03(10), 1.00(30), 0.2(1.0), 0.2(1.0), 0.2(1.0), 0.2(1.0)]
etab.3       [0.03(10), 0.03(10), 0.03(10), 0.2(1.0), 0.2(1.0), 0.2(1.0), 0.2(1.0)]

==================== add svd, prior noise
Least Square Fit:
  chi2/dof [dof] = 0.83 [164]    Q = 0.95    logGBF = 1229.3

Settings:
  svdcut/n = 0.007/130*    tol = (1e-08*,1e-10,1e-10)    (itns/time = 110/0.8)

      dE: [0.25613(29) 0.532(10) 0.333(34)]
noisy dE: [0.25627(28) 0.522(13) 0.339(49)]
           chi2/dof = 0.46 [3]    Q = 0.71
