============================== nterm = 1
Least Square Fit:
  chi2/dof [dof] = 7.3e+02 [164]    Q = 0    logGBF = -58336

Settings:
  svdcut/n = 0.007/130    tol = (1e-08*,1e-10,1e-10)    (itns/time = 19/0.2)

============================== nterm = 2
Least Square Fit:
  chi2/dof [dof] = 1.1e+02 [164]    Q = 0    logGBF = -7719.3

Settings:
  svdcut/n = 0.007/130    tol = (1e-08*,1e-10,1e-10)    (itns/time = 18/0.2)

============================== nterm = 3
Least Square Fit:
  chi2/dof [dof] = 5.7 [164]    Q = 6.5e-109    logGBF = 868.59

Settings:
  svdcut/n = 0.007/130    tol = (1e-08*,1e-10,1e-10)    (itns/time = 18/0.2)

============================== nterm = 4
Least Square Fit:
  chi2/dof [dof] = 1.5 [164]    Q = 7.6e-05    logGBF = 1208.2

Settings:
  svdcut/n = 0.007/130    tol = (1e-08*,1e-10,1e-10)    (itns/time = 35/0.3)

============================== nterm = 5
Least Square Fit:
  chi2/dof [dof] = 0.42 [164]    Q = 1    logGBF = 1280.5

Settings:
  svdcut/n = 0.007/130    tol = (1e-08*,1e-10,1e-10)    (itns/time = 41/0.3)

============================== nterm = 6
Least Square Fit:
  chi2/dof [dof] = 0.38 [164]    Q = 1    logGBF = 1277.2

Settings:
  svdcut/n = 0.007/130    tol = (1e-08*,1e-10,1e-10)    (itns/time = 54/0.4)

============================== nterm = 7
Least Square Fit:
  chi2/dof [dof] = 0.32 [164]    Q = 1    logGBF = 1277.1

Parameters:
       etab.l 0   -0.50617 (88)      [  -0.51 (17) ]  
              1     -0.397 (12)      [  -0.45 (16) ]  
              2      0.414 (43)      [   0.50 (17) ]  
              3      0.148 (73)      [  0.108 (94) ]  
              4      -0.42 (26)      [  -0.06 (87) ]  
              5       0.40 (33)      [  -0.06 (87) ]  
              6       0.11 (46)      [  -0.06 (87) ]  
 log(etab.dE) 0    -1.3620 (11)      [  -1.3 (2.3) ]  
              1     -0.633 (20)      [  -0.5 (1.0) ]  
              2     -1.084 (95)      [  -0.5 (1.0) ]  
              3      -0.56 (30)      [  -0.5 (1.0) ]  
              4      -1.01 (69)      [  -0.5 (1.0) ]  
              5      -0.56 (95)      [  -0.5 (1.0) ]  
              6      -0.60 (97)      [  -0.5 (1.0) ]  
       etab.g 0    -0.8707 (16)      [  -0.88 (27) ]  
              1     0.1424 (80)      [  0.104 (97) ]  
              2      0.058 (16)      [  0.051 (92) ]  
              3      0.033 (49)      [ -0.004 (90) ]  
              4      -0.21 (12)      [  -0.13 (90) ]  
              5      -0.13 (29)      [  -0.13 (90) ]  
              6       0.31 (32)      [  -0.13 (90) ]  
       etab.d 0   -0.21618 (48)      [ -0.243 (86) ]  
              1     -0.416 (11)      [  -0.50 (15) ]  
              2     -0.246 (29)      [ -0.268 (91) ]  
              3     -0.113 (51)      [ -0.161 (71) ]  
              4      -0.25 (14)      [  -0.21 (60) ]  
              5      -0.03 (33)      [  -0.21 (60) ]  
              6      -0.32 (27)      [  -0.21 (60) ]  
       etab.e 0   -0.19707 (43)      [ -0.211 (83) ]  
              1     -0.349 (10)      [  -0.42 (13) ]  
              2     -0.285 (26)      [  -0.30 (10) ]  
              3      0.261 (59)      [   0.26 (10) ]  
              4      -0.19 (17)      [  -0.12 (61) ]  
              5      -0.09 (34)      [  -0.12 (61) ]  
              6      -0.37 (27)      [  -0.12 (61) ]  
----------------------------------------------------
      etab.dE 0    0.25616 (28)      [   0.27 (62) ]  
              1      0.531 (11)      [   0.62 (62) ]  
              2      0.338 (32)      [   0.62 (62) ]  
              3       0.57 (17)      [   0.62 (62) ]  
              4       0.36 (25)      [   0.62 (62) ]  
              5       0.57 (54)      [   0.62 (62) ]  
              6       0.55 (54)      [   0.62 (62) ]  

Settings:
  svdcut/n = 0.007/130    tol = (1e-08*,1e-10,1e-10)    (itns/time = 80/0.6)

============================== Results

       E            l            g           d            e          
    =================================================================
     0 0.25616(28) -0.50617(88) -0.8707(16) -0.21618(48) -0.19707(43)
     1 0.787(11)   -0.397(12)    0.1424(80) -0.416(11)   -0.349(10)  
     2 1.126(34)    0.414(43)    0.058(16)  -0.246(29)   -0.285(26)  
     3 1.70(17)     0.148(73)    0.033(49)  -0.113(51)    0.261(59)  

       E            0           1           2            3          
    ================================================================
     0 0.25616(28)  0.9817(18)  0.0068(10) -0.00168(66)  0.00156(48)
     1 0.787(11)   -0.0339(81)  0.890(17)  -0.022(21)    0.0094(97) 
     2 1.126(34)    0.016(17)   0.068(59)   0.863(43)   -0.003(28)  
     3 1.70(17)    -0.020(58)  -0.023(85)   0.036(87)    0.899(88)  

Values:
         a*E(2s-1s): 0.531(11)           
         a*E(3s-1s): 0.870(34)           
  E(3s-1s)/E(2s-1s): 1.637(62)           

Partial % Errors:
                            a*E(2s-1s)        a*E(3s-1s) E(3s-1s)/E(2s-1s)
--------------------------------------------------------------------------
              prior:              0.72              2.23              2.08
               data:              1.37              2.20              1.93
             svdcut:              1.31              2.28              2.50
--------------------------------------------------------------------------
              total:              2.03              3.87              3.78

Prior:

etab.l       [-0.51(17), -0.45(16), 0.50(17), 0.108(94), -0.06(87), -0.06(87), -0.06(87)]
etab.g       [-0.88(27), 0.104(97), 0.051(92), -0.004(90), -0.13(90), -0.13(90), -0.13(90)]
etab.d       [-0.243(86), -0.50(15), -0.268(91), -0.161(71), -0.21(60), -0.21(60), -0.21(60)]
etab.e       [-0.211(83), -0.42(13), -0.30(10), 0.26(10), -0.12(61), -0.12(61), -0.12(61)]

etab.0       [1.00(30), 0.03(10), 0.03(10), 0.03(10), 0.2(1.0), 0.2(1.0), 0.2(1.0)]
etab.1       [0.03(10), 1.00(30), 0.03(10), 0.03(10), 0.2(1.0), 0.2(1.0), 0.2(1.0)]
etab.2       [0.03(10), 0.03(10), 1.00(30), 0.03(10), 0.2(1.0), 0.2(1.0), 0.2(1.0)]
etab.3       [0.03(10), 0.03(10), 0.03(10), 1.00(30), 0.2(1.0), 0.2(1.0), 0.2(1.0)]

==================== add svd, prior noise
Least Square Fit:
  chi2/dof [dof] = 0.95 [164]    Q = 0.65    logGBF = 1226.2

Settings:
  svdcut/n = 0.007/130*    tol = (1e-08*,1e-10,1e-10)    (itns/time = 93/0.7)

      dE: [0.25616(28) 0.531(11) 0.338(32)]
noisy dE: [0.25628(28) 0.525(12) 0.349(27)]
           chi2/dof = 0.31 [3]    Q = 0.82
