============================== nterm = 1
Least Square Fit:
  chi2/dof [dof] = 1.2e+02 [164]    Q = 0    logGBF = -8399.2

Settings:
  svdcut/n = 0.06/133    tol = (1e-08*,1e-10,1e-10)    (itns/time = 9/1.0)

============================== nterm = 2
Least Square Fit:
  chi2/dof [dof] = 43 [164]    Q = 0    logGBF = -2339.8

Settings:
  svdcut/n = 0.06/133    tol = (1e-08*,1e-10,1e-10)    (itns/time = 33/1.1)

============================== nterm = 3
Least Square Fit:
  chi2/dof [dof] = 1.8 [164]    Q = 4.3e-09    logGBF = 1054

Settings:
  svdcut/n = 0.06/133    tol = (1e-08*,1e-10,1e-10)    (itns/time = 12/1.1)

============================== nterm = 4
Least Square Fit:
  chi2/dof [dof] = 0.72 [164]    Q = 1    logGBF = 1131.1

Settings:
  svdcut/n = 0.06/133    tol = (1e-08*,1e-10,1e-10)    (itns/time = 12/1.0)

============================== nterm = 5
Least Square Fit:
  chi2/dof [dof] = 0.43 [164]    Q = 1    logGBF = 1144.4

Settings:
  svdcut/n = 0.06/133    tol = (1e-08*,1e-10,1e-10)    (itns/time = 94/1.6)

============================== nterm = 6
Least Square Fit:
  chi2/dof [dof] = 0.37 [164]    Q = 1    logGBF = 1142.6

Settings:
  svdcut/n = 0.06/133    tol = (1e-08*,1e-10,1e-10)    (itns/time = 58/1.3)

============================== nterm = 7
Least Square Fit:
  chi2/dof [dof] = 0.32 [164]    Q = 1    logGBF = 1141.6

Parameters:
       etab.0 0     0.9811 (23)      [  1.00 (30) ]  
              1    -0.0320 (83)      [  0.03 (10) ]  
              2      0.030 (12)      [  0.03 (10) ]  
              3     -0.048 (39)      [  0.03 (10) ]  
              4       0.35 (15)      [  0.2 (1.0) ]  
              5       0.17 (42)      [  0.2 (1.0) ]  
              6      -0.12 (49)      [  0.2 (1.0) ]  
 log(etab.dE) 0    -1.3625 (14)      [ -1.3 (2.3) ]  
              1     -0.628 (23)      [ -0.5 (1.0) ]  
              2      -1.14 (11)      [ -0.5 (1.0) ]  
              3      -0.43 (29)      [ -0.5 (1.0) ]  
              4      -0.65 (82)      [ -0.5 (1.0) ]  
              5      -0.65 (95)      [ -0.5 (1.0) ]  
              6      -0.64 (97)      [ -0.5 (1.0) ]  
       etab.1 0    0.00625 (92)      [  0.03 (10) ]  
              1      0.896 (19)      [  1.00 (30) ]  
              2      0.052 (57)      [  0.03 (10) ]  
              3     -0.057 (77)      [  0.03 (10) ]  
              4       0.27 (46)      [  0.2 (1.0) ]  
              5       0.14 (68)      [  0.2 (1.0) ]  
              6       0.96 (48)      [  0.2 (1.0) ]  
       etab.2 0   -0.00238 (30)      [  0.03 (10) ]  
              1     -0.021 (21)      [  0.03 (10) ]  
              2      0.844 (48)      [  1.00 (30) ]  
              3      0.024 (87)      [  0.03 (10) ]  
              4      -0.41 (55)      [  0.2 (1.0) ]  
              5       0.71 (44)      [  0.2 (1.0) ]  
              6      -0.04 (78)      [  0.2 (1.0) ]  
       etab.3 0    0.00155 (13)      [  0.03 (10) ]  
              1     0.0082 (90)      [  0.03 (10) ]  
              2      0.001 (21)      [  0.03 (10) ]  
              3       0.94 (10)      [  1.00 (30) ]  
              4       0.18 (16)      [  0.2 (1.0) ]  
              5       0.08 (25)      [  0.2 (1.0) ]  
              6       0.04 (32)      [  0.2 (1.0) ]  
---------------------------------------------------
      etab.dE 0    0.25602 (35)      [  0.27 (62) ]  
              1      0.534 (12)      [  0.62 (62) ]  
              2      0.319 (36)      [  0.62 (62) ]  
              3       0.65 (19)      [  0.62 (62) ]  
              4       0.52 (43)      [  0.62 (62) ]  
              5       0.52 (50)      [  0.62 (62) ]  
              6       0.53 (51)      [  0.62 (62) ]  

Settings:
  svdcut/n = 0.06/133    tol = (1e-08*,1e-10,1e-10)    (itns/time = 75/1.5)

============================== Results

       E            l           g           d            e          
    ================================================================
     0 0.25602(35) -0.5060(12) -0.8703(21) -0.21562(61) -0.19652(54)
     1 0.790(12)   -0.400(14)   0.1416(73) -0.420(11)   -0.352(11)  
     2 1.109(36)    0.404(39)   0.042(15)  -0.237(29)   -0.275(27)  
     3 1.76(19)     0.176(66)   0.053(36)  -0.093(45)    0.296(52)  

       E            0           1            2            3          
    =================================================================
     0 0.25602(35)  0.9811(23)  0.00625(92) -0.00238(30)  0.00155(13)
     1 0.790(12)   -0.0320(83)  0.896(19)   -0.021(21)    0.0082(90) 
     2 1.109(36)    0.030(12)   0.052(57)    0.844(48)    0.001(21)  
     3 1.76(19)    -0.048(39)  -0.057(77)    0.024(87)    0.94(10)   

Values:
         a*E(2s-1s): 0.534(12)           
         a*E(3s-1s): 0.853(36)           
  E(3s-1s)/E(2s-1s): 1.599(70)           

Partial % Errors:
                            a*E(2s-1s)        a*E(3s-1s) E(3s-1s)/E(2s-1s)
--------------------------------------------------------------------------
              prior:              0.62              1.87              1.74
               data:              1.34              2.08              1.65
             svdcut:              1.76              3.10              3.69
--------------------------------------------------------------------------
              total:              2.30              4.17              4.40


==================== add svd, prior noise
Least Square Fit:
  chi2/dof [dof] = 0.89 [164]    Q = 0.84    logGBF = 1091.8

Settings:
  svdcut/n = 0.06/133*    tol = (1e-08*,1e-10,1e-10)    (itns/time = 57/1.4)

      dE: [0.25602(35) 0.534(12) 0.319(36)]
noisy dE: [0.25572(36) 0.525(17) 0.291(37)]
           chi2/dof = 0.77 [3]    Q = 0.51
