============================== nterm = 1
Least Square Fit:
  chi2/dof [dof] = 0.98 [69]    Q = 0.53    logGBF = 1586.4

Parameters:
  log(etas:a) 0   -1.52151 (78)      [ -1.2 (1.0) ]  
 log(etas:dE) 0   -0.87662 (29)      [ -0.92 (50) ]  
    log(Ds:a) 0    -1.5387 (10)      [ -1.2 (1.0) ]  
   log(Ds:dE) 0    0.18372 (14)      [  0.18 (17) ]  
   log(Dso:a) 0     -2.628 (25)      [ -2.3 (1.0) ]  
  log(Dso:dE) 0     0.3738 (32)      [  0.41 (24) ]  
        Vnn 0,0    0.76533 (60)      [  0.0 (1.0) ]  
        Vno 0,0     -0.710 (11)      [  0.0 (1.0) ]  

Settings:
  svdcut/n = 1e-15/0    reltol/abstol = 1e-10/1e-10    (itns/time = 9/0.1)

============================== nterm = 2
Least Square Fit:
  chi2/dof [dof] = 0.71 [69]    Q = 0.97    logGBF = 1602.3

Parameters:
  log(etas:a) 0   -1.52169 (72)      [ -1.2 (1.0) ]  
              1      -1.81 (52)      [ -1.2 (1.0) ]  
 log(etas:dE) 0   -0.87660 (28)      [ -0.92 (50) ]  
              1      -0.54 (17)      [ -0.7 (1.0) ]  
    log(Ds:a) 0   -1.53882 (88)      [ -1.2 (1.0) ]  
              1     -1.339 (75)      [ -1.2 (1.0) ]  
   log(Ds:dE) 0    0.18370 (13)      [  0.18 (17) ]  
              1     -0.711 (34)      [ -0.7 (1.0) ]  
   log(Dso:a) 0     -2.746 (92)      [ -2.3 (1.0) ]  
              1      -2.44 (10)      [ -2.3 (1.0) ]  
  log(Dso:dE) 0     0.3661 (74)      [  0.41 (24) ]  
              1      -1.45 (24)      [ -0.7 (1.0) ]  
        Vnn 0,0    0.76759 (74)      [  0.0 (1.0) ]  
            0,1     -0.488 (35)      [  0.0 (1.0) ]  
            1,0      0.039 (51)      [  0.0 (1.0) ]  
            1,1       0.63 (74)      [  0.0 (1.0) ]  
        Vno 0,0     -0.774 (42)      [  0.0 (1.0) ]  
            0,1       0.25 (16)      [  0.0 (1.0) ]  
            1,0       0.34 (43)      [  0.0 (1.0) ]  
            1,1       0.29 (95)      [  0.0 (1.0) ]  

Settings:
  svdcut/n = 1e-15/0    reltol/abstol = 1e-10/1e-10    (itns/time = 20/0.3)

Fit results:
  Eetas: [0.41619(12) 1.00(10)]
  aetas: [0.21834(16) 0.164(85)]

  EDs: [1.20165(15) 1.693(17)]
  aDs: [0.21463(19) 0.262(20)]

  EDso: [1.442(11) 1.676(61)]
  aDso: [0.0642(59) 0.0872(90)]

  etas->V->Ds  = 0.76759(74)
  etas->V->Dso = -0.774(42)

Values:
              metas: 0.41619(12)         
                mDs: 1.20165(15)         
           mDso-mDs: 0.241(11)           
                Vnn: 0.76759(74)         
                Vno: -0.774(42)          

Partial % Errors:
                         metas       mDs  mDso-mDs       Vnn       Vno
----------------------------------------------------------------------
         statistics:      0.03      0.01      3.69      0.09      4.53
        log(etas:a):      0.00      0.00      0.10      0.01      0.54
       log(etas:dE):      0.00      0.00      0.06      0.00      0.42
          log(Ds:a):      0.00      0.00      0.34      0.01      0.47
         log(Ds:dE):      0.00      0.00      0.52      0.02      0.47
         log(Dso:a):      0.00      0.00      0.40      0.00      1.37
        log(Dso:dE):      0.00      0.00      0.54      0.00      1.94
                Vnn:      0.00      0.00      1.03      0.03      0.25
                Vno:      0.00      0.00      2.10      0.02      1.28
                svd:      0.00      0.00      0.00      0.00      0.00
----------------------------------------------------------------------
              total:      0.03      0.01      4.47      0.10      5.37




Random seed: (5339893179535759510, 4088224360017966188, 7597275990505476522)

============================== simulation
Least Square Fit:
  chi2/dof [dof] = 0.72 [69]    Q = 0.96    logGBF = 1612.9

Parameters:
  log(etas:a) 0   -1.52096 (67)      [ -1.2 (1.0) ]  
              1     -1.816 (18)      [ -1.2 (1.0) ]  
 log(etas:dE) 0   -0.87633 (27)      [ -0.92 (50) ]  
              1     -0.547 (16)      [ -0.7 (1.0) ]  
    log(Ds:a) 0   -1.53891 (69)      [ -1.2 (1.0) ]  
              1    -1.3453 (55)      [ -1.2 (1.0) ]  
   log(Ds:dE) 0    0.18374 (11)      [  0.18 (17) ]  
              1    -0.7181 (58)      [ -0.7 (1.0) ]  
   log(Dso:a) 0     -2.739 (30)      [ -2.3 (1.0) ]  
              1     -2.433 (39)      [ -2.3 (1.0) ]  
  log(Dso:dE) 0     0.3668 (31)      [  0.41 (24) ]  
              1     -1.436 (90)      [ -0.7 (1.0) ]  
        Vnn 0,0    0.76794 (33)      [  0.0 (1.0) ]  
            0,1    -0.4825 (48)      [  0.0 (1.0) ]  
            1,0     0.0274 (72)      [  0.0 (1.0) ]  
            1,1       1.33 (52)      [  0.0 (1.0) ]  *
        Vno 0,0     -0.770 (27)      [  0.0 (1.0) ]  
            0,1      0.249 (53)      [  0.0 (1.0) ]  
            1,0       0.29 (17)      [  0.0 (1.0) ]  
            1,1       0.14 (93)      [  0.0 (1.0) ]  

Settings:
  svdcut/n = 1e-15/0    reltol/abstol = 1e-10/1e-10    (itns/time = 6/0.1)

Leading parameter chi2/dof [dof] = 0.72 [8]   Q = 0.7

============================== simulation
Least Square Fit:
  chi2/dof [dof] = 0.71 [69]    Q = 0.97    logGBF = 1612.9

Parameters:
  log(etas:a) 0   -1.52274 (67)      [ -1.2 (1.0) ]  
              1     -1.829 (18)      [ -1.2 (1.0) ]  
 log(etas:dE) 0   -0.87688 (27)      [ -0.92 (50) ]  
              1     -0.560 (16)      [ -0.7 (1.0) ]  
    log(Ds:a) 0   -1.53941 (69)      [ -1.2 (1.0) ]  
              1    -1.3417 (54)      [ -1.2 (1.0) ]  
   log(Ds:dE) 0    0.18359 (11)      [  0.18 (17) ]  
              1    -0.7135 (57)      [ -0.7 (1.0) ]  
   log(Dso:a) 0     -2.807 (36)      [ -2.3 (1.0) ]  
              1     -2.430 (32)      [ -2.3 (1.0) ]  
  log(Dso:dE) 0     0.3602 (34)      [  0.41 (24) ]  
              1     -1.510 (88)      [ -0.7 (1.0) ]  
        Vnn 0,0    0.76724 (32)      [  0.0 (1.0) ]  
            0,1    -0.4836 (48)      [  0.0 (1.0) ]  
            1,0     0.0430 (70)      [  0.0 (1.0) ]  
            1,1       0.29 (52)      [  0.0 (1.0) ]  
        Vno 0,0     -0.759 (28)      [  0.0 (1.0) ]  
            0,1      0.162 (48)      [  0.0 (1.0) ]  
            1,0       0.63 (18)      [  0.0 (1.0) ]  
            1,1      -0.50 (91)      [  0.0 (1.0) ]  

Settings:
  svdcut/n = 1e-15/0    reltol/abstol = 1e-10/1e-10    (itns/time = 10/0.1)

Leading parameter chi2/dof [dof] = 1.00 [8]   Q = 0.4
