============================== nterm = 2
Least Square Fit:
  chi2/dof [dof] = 0.98 [28]    Q = 0.49    logGBF = 481.95

Parameters:
            a 0    0.21854 (15)      [  0.0 (1.0) ]  
              1     0.2721 (46)      [  0.0 (1.0) ]  
        logdE 0   -0.87637 (28)      [ -0.7 (1.0) ]  
              1     -0.330 (12)      [ -0.7 (1.0) ]  

Settings:
  svdcut/n = 1e-15/0    reltol/abstol = 1e-10/1e-10    (itns/time = 15/0.0)

E   0.41629(11)      1.1354(83)     
a   0.21854(15)      0.2721(46)     

============================== nterm = 3
Least Square Fit:
  chi2/dof [dof] = 0.68 [28]    Q = 0.89    logGBF = 483.08

Parameters:
            a 0    0.21836 (18)      [  0.0 (1.0) ]  
              1       0.15 (12)      [  0.0 (1.0) ]  
              2      0.308 (51)      [  0.0 (1.0) ]  
        logdE 0   -0.87660 (30)      [ -0.7 (1.0) ]  
              1      -0.56 (28)      [ -0.7 (1.0) ]  
              2      -0.92 (53)      [ -0.7 (1.0) ]  

Settings:
  svdcut/n = 1e-15/0    reltol/abstol = 1e-10/1e-10    (itns/time = 25/0.1)

E   0.41620(12)      0.99(16)       
a   0.21836(18)      0.15(12)       

============================== nterm = 4
Least Square Fit:
  chi2/dof [dof] = 0.68 [28]    Q = 0.89    logGBF = 483.08

Parameters:
            a 0    0.21836 (18)      [  0.0 (1.0) ]  
              1       0.15 (12)      [  0.0 (1.0) ]  
              2      0.308 (51)      [  0.0 (1.0) ]  
              3      2e-07 +- 1      [  0.0 (1.0) ]  
        logdE 0   -0.87660 (30)      [ -0.7 (1.0) ]  
              1      -0.56 (28)      [ -0.7 (1.0) ]  
              2      -0.92 (53)      [ -0.7 (1.0) ]  
              3      -0.7 (1.0)      [ -0.7 (1.0) ]  

Settings:
  svdcut/n = 1e-15/0    reltol/abstol = 1e-10/1e-10    (itns/time = 13/0.0)

E   0.41620(12)      0.99(16)       
a   0.21836(18)      0.15(12)       

============================== nterm = 5
Least Square Fit:
  chi2/dof [dof] = 0.68 [28]    Q = 0.89    logGBF = 483.08

Parameters:
            a 0    0.21836 (18)      [  0.0 (1.0) ]  
              1       0.15 (12)      [  0.0 (1.0) ]  
              2      0.308 (51)      [  0.0 (1.0) ]  
              3      2e-07 +- 1      [  0.0 (1.0) ]  
              4     -3e-08 +- 1      [  0.0 (1.0) ]  
        logdE 0   -0.87660 (30)      [ -0.7 (1.0) ]  
              1      -0.56 (28)      [ -0.7 (1.0) ]  
              2      -0.92 (53)      [ -0.7 (1.0) ]  
              3      -0.7 (1.0)      [ -0.7 (1.0) ]  
              4      -0.7 (1.0)      [ -0.7 (1.0) ]  

Settings:
  svdcut/n = 1e-15/0    reltol/abstol = 1e-10/1e-10    (itns/time = 14/0.1)

E   0.41620(12)      0.99(16)       
a   0.21836(18)      0.15(12)       

