============================== nterm = 1
Least Square Fit:
  chi2/dof [dof] = 3.2e+03 [69]    Q = 0    logGBF = -1.0714e+05

Settings:
  svdcut/n = 1e-12/0    tol = (1e-08*,1e-10,1e-10)    (itns/time = 33/0.1)

============================== nterm = 2
Least Square Fit:
  chi2/dof [dof] = 1.1 [69]    Q = 0.28    logGBF = 1560.2

Settings:
  svdcut/n = 1e-12/0    tol = (1e-08*,1e-10,1e-10)    (itns/time = 25/0.1)

============================== nterm = 3
Least Square Fit:
  chi2/dof [dof] = 0.37 [69]    Q = 1    logGBF = 1577.8

Settings:
  svdcut/n = 1e-12/0    tol = (1e-08*,1e-10,1e-10)    (itns/time = 28/0.1)

============================== nterm = 4
Least Square Fit:
  chi2/dof [dof] = 0.37 [69]    Q = 1    logGBF = 1578.2

Parameters:
  log(etas:a) 0      -1.52180 (76)        [ -1.2 (1.0) ]  
              1         -1.75 (35)        [ -1.2 (1.0) ]  
              2         -1.10 (58)        [ -1.2 (1.0) ]  
              3         -1.19 (97)        [ -1.2 (1.0) ]  
 log(etas:dE) 0      -0.87668 (29)        [ -0.92 (50) ]  
              1         -0.53 (13)        [ -0.7 (1.0) ]  
              2         -0.69 (64)        [ -0.7 (1.0) ]  
              3         -0.72 (98)        [ -0.7 (1.0) ]  
    log(Ds:a) 0       -1.5388 (11)        [ -1.2 (1.0) ]  
              1         -1.32 (15)        [ -1.2 (1.0) ]  
              2         -0.81 (45)        [ -1.2 (1.0) ]  
              3         -1.13 (99)        [ -1.2 (1.0) ]  
   log(Ds:dE) 0       0.18368 (15)        [  0.18 (17) ]  
              1        -0.703 (63)        [ -0.7 (1.0) ]  
              2         -0.68 (49)        [ -0.7 (1.0) ]  
              3         -0.76 (99)        [ -0.7 (1.0) ]  
   log(Dso:a) 0        -2.683 (88)        [ -2.3 (1.0) ]  
              1         -2.41 (35)        [ -2.3 (1.0) ]  
              2         -2.27 (92)        [ -2.3 (1.0) ]  
              3         -2.3 (1.0)        [ -2.3 (1.0) ]  
  log(Dso:dE) 0        0.3707 (79)        [  0.41 (24) ]  
              1         -1.29 (40)        [ -0.7 (1.0) ]  
              2         -0.68 (89)        [ -0.7 (1.0) ]  
              3         -0.7 (1.0)        [ -0.7 (1.0) ]  
        Vnn 0,0        0.7668 (12)        [  0.0 (1.0) ]  
            0,1        -0.468 (51)        [  0.0 (1.0) ]  
            0,2          0.18 (48)        [  0.0 (1.0) ]  
            0,3          0.02 (99)        [  0.0 (1.0) ]  
            1,0         0.084 (61)        [  0.0 (1.0) ]  
            1,1          0.18 (89)        [  0.0 (1.0) ]  
            1,2        0.02 (1.00)        [  0.0 (1.0) ]  
            1,3    0.0009 (1.0000)        [  0.0 (1.0) ]  
            2,0         -0.25 (38)        [  0.0 (1.0) ]  
            2,1        0.01 (1.00)        [  0.0 (1.0) ]  
            2,2    0.0005 (1.0000)        [  0.0 (1.0) ]  
            2,3         2e-05 +- 1        [  0.0 (1.0) ]  
            3,0         -0.04 (99)        [  0.0 (1.0) ]  
            3,1      0.001 (1.000)        [  0.0 (1.0) ]  
            3,2         2e-05 +- 1        [  0.0 (1.0) ]  
            3,3         3e-07 +- 1        [  0.0 (1.0) ]  
        Vno 0,0        -0.766 (56)        [  0.0 (1.0) ]  
            0,1          0.37 (28)        [  0.0 (1.0) ]  
            0,2         -0.02 (95)        [  0.0 (1.0) ]  
            0,3         8e-06 +- 1        [  0.0 (1.0) ]  
            1,0          0.07 (48)        [  0.0 (1.0) ]  
            1,1          0.06 (98)        [  0.0 (1.0) ]  
            1,2    0.0008 (0.9999)        [  0.0 (1.0) ]  
            1,3        -1e-05 +- 1        [  0.0 (1.0) ]  
            2,0         -0.06 (97)        [  0.0 (1.0) ]  
            2,1      0.002 (1.000)        [  0.0 (1.0) ]  
            2,2    0.0001 (1.0000)        [  0.0 (1.0) ]  
            2,3         1e-06 +- 1        [  0.0 (1.0) ]  
            3,0       -0.01 (1.00)        [  0.0 (1.0) ]  
            3,1   -0.0004 (1.0000)        [  0.0 (1.0) ]  
            3,2         4e-06 +- 1        [  0.0 (1.0) ]  
            3,3         9e-08 +- 1        [  0.0 (1.0) ]  
--------------------------------------------------------
       etas:a 0       0.21832 (17)        [  0.30 (30) ]  
              1         0.174 (61)        [  0.30 (30) ]  
              2          0.33 (19)        [  0.30 (30) ]  
              3          0.31 (30)        [  0.30 (30) ]  
      etas:dE 0       0.41616 (12)        [  0.40 (20) ]  
              1         0.590 (79)        [  0.50 (50) ]  
              2          0.50 (32)        [  0.50 (50) ]  
              3          0.49 (48)        [  0.50 (50) ]  
         Ds:a 0       0.21464 (23)        [  0.30 (30) ]  
              1         0.266 (39)        [  0.30 (30) ]  
              2          0.45 (20)        [  0.30 (30) ]  
              3          0.32 (32)        [  0.30 (30) ]  
        Ds:dE 0       1.20164 (17)        [  1.20 (20) ]  
              1         0.495 (31)        [  0.50 (50) ]  
              2          0.50 (25)        [  0.50 (50) ]  
              3          0.47 (46)        [  0.50 (50) ]  
        Dso:a 0        0.0683 (60)        [  0.10 (10) ]  
              1         0.090 (32)        [  0.10 (10) ]  
              2         0.104 (95)        [  0.10 (10) ]  
              3          0.10 (10)        [  0.10 (10) ]  
       Dso:dE 0         1.449 (11)        [  1.50 (36) ]  
              1          0.27 (11)        [  0.50 (50) ]  
              2          0.51 (45)        [  0.50 (50) ]  
              3          0.49 (49)        [  0.50 (50) ]  

Settings:
  svdcut/n = 1e-12/0    tol = (1e-08*,1e-10,1e-10)    (itns/time = 23/0.1)

Fit results:
  Eetas: [0.41616(12) 1.006(79) 1.51(38)]
  aetas: [0.21832(17) 0.174(61) 0.33(19)]

  EDs: [1.20164(17) 1.697(31) 2.20(27)]
  aDs: [0.21464(23) 0.266(39) 0.45(20)]

  EDso: [1.449(11) 1.72(11) 2.23(50)]
  aDso: [0.0683(60) 0.090(32) 0.104(95)]

  etas->V->Ds  = 0.7668(12)
  etas->V->Dso = -0.766(56)

Values:
              metas: 0.41616(12)         
                mDs: 1.20164(17)         
           mDso-mDs: 0.247(11)           
                Vnn: 0.7668(12)          
                Vno: -0.766(56)          

Partial % Errors:
                  metas       mDs  mDso-mDs       Vnn       Vno
---------------------------------------------------------------
  statistics:      0.03      0.01      3.45      0.13      5.19
 log(etas:a):      0.00      0.00      0.10      0.01      0.13
log(etas:dE):      0.00      0.00      0.10      0.01      0.08
   log(Ds:a):      0.00      0.00      0.45      0.02      0.30
  log(Ds:dE):      0.00      0.00      0.50      0.03      0.33
  log(Dso:a):      0.00      0.00      0.92      0.01      3.12
 log(Dso:dE):      0.00      0.00      1.14      0.01      3.45
         Vnn:      0.00      0.00      0.92      0.06      0.68
         Vno:      0.00      0.00      2.48      0.02      1.90
---------------------------------------------------------------
       total:      0.03      0.01      4.64      0.15      7.27




Random seed: 9876

============================== simulation
Least Square Fit:
  chi2/dof [dof] = 0.7 [69]    Q = 0.97    logGBF = 1604.5

Settings:
  svdcut/n = 1e-12/0    tol = (1e-08*,1e-10,1e-10)    (itns/time = 57/0.2)

    etas:a:  fit = 0.21823(15)    exact = 0.21832      diff = -0.00009(15)
   etas:dE:  fit = 0.41613(11)    exact = 0.41616      diff = -0.00003(11)
      Ds:a:  fit = 0.21460(22)    exact = 0.21464      diff = -0.00004(22)
     Ds:dE:  fit = 1.20164(16)    exact = 1.2016       diff = 6(164)e-06
       Vnn:  fit = 0.7667(11)    exact = 0.76684      diff = -0.0001(11)

Accuracy of key parameters: chi2/dof = 0.22 [5]    Q = 0.95

============================== simulation
Least Square Fit:
  chi2/dof [dof] = 1 [69]    Q = 0.41    logGBF = 1593.9

Settings:
  svdcut/n = 1e-12/0    tol = (1e-08*,1e-10,1e-10)    (itns/time = 128/0.5)

    etas:a:  fit = 0.21832(15)    exact = 0.21832      diff = -4(148)e-06
   etas:dE:  fit = 0.41622(11)    exact = 0.41616      diff = 0.00006(11)
      Ds:a:  fit = 0.21451(18)    exact = 0.21464      diff = -0.00013(18)
     Ds:dE:  fit = 1.20151(15)    exact = 1.2016       diff = -0.00012(15)
       Vnn:  fit = 0.76695(74)    exact = 0.76684      diff = 0.00011(74)

Accuracy of key parameters: chi2/dof = 0.9 [5]    Q = 0.48
