============================== nterm = 1
========== etas
Least Square Fit:
  chi2/dof [dof] = 5.5e+02 [28]    Q = 0    logGBF = -7205.5

Settings:
  svdcut/n = 1e-12/0    tol = (1e-08*,1e-10,1e-10)    (itns/time = 11/0.0)

========== Ds
Least Square Fit:
  chi2/dof [dof] = 2.1e+03 [28]    Q = 0    logGBF = -28290

Settings:
  svdcut/n = 1e-12/0    tol = (1e-08*,1e-10,1e-10)    (itns/time = 23/0.0)

========== (3ptT15,3ptT16)
Least Square Fit:
  chi2/dof [dof] = 1.5e+04 [13]    Q = 0    logGBF = -97973

Settings:
  svdcut/n = 1e-12/0    tol = (1e-08*,1e-10,1e-10)    (itns/time = 8/0.0)

============================== nterm = 2
========== etas
Least Square Fit:
  chi2/dof [dof] = 0.43 [28]    Q = 1    logGBF = 468.88

Settings:
  svdcut/n = 1e-12/0    tol = (1e-08*,1e-10,1e-10)    (itns/time = 9/0.0)

========== Ds
Least Square Fit:
  chi2/dof [dof] = 0.96 [28]    Q = 0.52    logGBF = 841.08

Settings:
  svdcut/n = 1e-12/0    tol = (1e-08*,1e-10,1e-10)    (itns/time = 32/0.0)

========== (3ptT15,3ptT16)
Least Square Fit:
  chi2/dof [dof] = 6.7 [13]    Q = 4.7e-13    logGBF = 226.69

Settings:
  svdcut/n = 1e-12/0    tol = (1e-08*,1e-10,1e-10)    (itns/time = 5/0.0)

============================== nterm = 3
========== etas
Least Square Fit:
  chi2/dof [dof] = 0.28 [28]    Q = 1    logGBF = 469.68

Settings:
  svdcut/n = 1e-12/0    tol = (1e-08*,1e-10,1e-10)    (itns/time = 20/0.0)

========== Ds
Least Square Fit:
  chi2/dof [dof] = 0.56 [28]    Q = 0.97    logGBF = 845.88

Settings:
  svdcut/n = 1e-12/0    tol = (1e-08*,1e-10,1e-10)    (itns/time = 33/0.0)

========== (3ptT15,3ptT16)
Least Square Fit:
  chi2/dof [dof] = 0.74 [13]    Q = 0.72    logGBF = 260.22

Settings:
  svdcut/n = 1e-12/0    tol = (1e-08*,1e-10,1e-10)    (itns/time = 4/0.0)

============================== nterm = 4
========== etas
Least Square Fit:
  chi2/dof [dof] = 0.28 [28]    Q = 1    logGBF = 469.79

Parameters:
  log(etas:a) 0   -1.52157 (79)      [ -1.2 (1.0) ]  
              1      -1.70 (35)      [ -1.2 (1.0) ]  
              2      -1.10 (62)      [ -1.2 (1.0) ]  
              3      -1.19 (98)      [ -1.2 (1.0) ]  
 log(etas:dE) 0   -0.87660 (30)      [ -0.92 (50) ]  
              1      -0.50 (13)      [ -0.7 (1.0) ]  
              2      -0.67 (70)      [ -0.7 (1.0) ]  
              3      -0.71 (99)      [ -0.7 (1.0) ]  
---------------------------------------------------
       etas:a 0    0.21837 (17)      [  0.30 (30) ]  
              1      0.183 (64)      [  0.30 (30) ]  
              2       0.33 (20)      [  0.30 (30) ]  
              3       0.30 (30)      [  0.30 (30) ]  
      etas:dE 0    0.41620 (12)      [  0.40 (20) ]  
              1      0.605 (80)      [  0.50 (50) ]  
              2       0.51 (36)      [  0.50 (50) ]  
              3       0.49 (48)      [  0.50 (50) ]  

Settings:
  svdcut/n = 1e-12/0    tol = (1e-08*,1e-10,1e-10)    (itns/time = 12/0.0)

========== Ds
Least Square Fit:
  chi2/dof [dof] = 0.56 [28]    Q = 0.97    logGBF = 846.08

Parameters:
    log(Ds:a) 0   -1.5388 (13)      [ -1.2 (1.0) ]  
              1     -1.34 (21)      [ -1.2 (1.0) ]  
              2     -0.83 (53)      [ -1.2 (1.0) ]  
              3     -1.14 (99)      [ -1.2 (1.0) ]  
   log(Ds:dE) 0   0.18368 (16)      [  0.18 (17) ]  
              1    -0.708 (91)      [ -0.7 (1.0) ]  
              2     -0.71 (63)      [ -0.7 (1.0) ]  
              3     -0.75 (99)      [ -0.7 (1.0) ]  
   log(Dso:a) 0     -2.56 (10)      [ -2.3 (1.0) ]  
              1     -2.15 (55)      [ -2.3 (1.0) ]  
              2     -2.29 (99)      [ -2.3 (1.0) ]  
              3     -2.3 (1.0)      [ -2.3 (1.0) ]  
  log(Dso:dE) 0     0.382 (11)      [  0.41 (24) ]  
              1     -0.84 (58)      [ -0.7 (1.0) ]  
              2     -0.71 (98)      [ -0.7 (1.0) ]  
              3     -0.7 (1.0)      [ -0.7 (1.0) ]  
--------------------------------------------------
         Ds:a 0   0.21465 (27)      [  0.30 (30) ]  
              1     0.263 (55)      [  0.30 (30) ]  
              2      0.44 (23)      [  0.30 (30) ]  
              3      0.32 (31)      [  0.30 (30) ]  
        Ds:dE 0   1.20163 (19)      [  1.20 (20) ]  
              1     0.492 (45)      [  0.50 (50) ]  
              2      0.49 (31)      [  0.50 (50) ]  
              3      0.47 (47)      [  0.50 (50) ]  
        Dso:a 0    0.0772 (77)      [  0.10 (10) ]  
              1     0.116 (64)      [  0.10 (10) ]  
              2      0.10 (10)      [  0.10 (10) ]  
              3      0.10 (10)      [  0.10 (10) ]  
       Dso:dE 0     1.466 (16)      [  1.50 (36) ]  
              1      0.43 (25)      [  0.50 (50) ]  
              2      0.49 (48)      [  0.50 (50) ]  
              3      0.50 (50)      [  0.50 (50) ]  

Settings:
  svdcut/n = 1e-12/0    tol = (1e-08*,1e-10,1e-10)    (itns/time = 18/0.0)

========== (3ptT15,3ptT16)
Least Square Fit:
  chi2/dof [dof] = 0.73 [13]    Q = 0.73    logGBF = 260.33

Parameters:
  log(etas:a) 0   -1.52133 (78)      [ -1.52157 (79) ]  
 log(etas:dE) 0   -0.87653 (29)      [ -0.87660 (30) ]  
    log(Ds:a) 0    -1.5390 (12)      [  -1.5388 (13) ]  
   log(Ds:dE) 0    0.18367 (16)      [  0.18368 (16) ]  
        Vnn 0,0    0.76634 (98)      [     0.0 (1.0) ]  
------------------------------------------------------
       etas:a 0    0.21842 (17)      [  0.21837 (17) ]  
      etas:dE 0    0.41622 (12)      [  0.41620 (12) ]  
         Ds:a 0    0.21459 (27)      [  0.21465 (27) ]  
        Ds:dE 0    1.20162 (19)      [  1.20163 (19) ]  

Settings:
  svdcut/n = 1e-12/0    tol = (1e-08*,1e-10,1e-10)    (itns/time = 3/0.0)

Fit results:
  Eetas: [0.41622(12) 1.022(80) 1.53(42)]
  aetas: [0.21842(17) 0.183(64) 0.33(20)]

  EDs: [1.20162(19) 1.694(45) 2.19(35)]
  aDs: [0.21459(27) 0.263(55) 0.44(23)]

  EDso: [1.466(16) 1.90(26) 2.39(56)]
  aDso: [0.0772(77) 0.116(64) 0.10(10)]

  etas->V->Ds  = 0.76634(98)
  etas->V->Dso = 0.0(1.0)

Values:
              metas: 0.41622(12)         
                mDs: 1.20162(19)         
           mDso-mDs: 0.264(16)           
                Vnn: 0.76634(98)         
                Vno: 0.0(1.0)            

Partial % Errors:
                  metas       mDs  mDso-mDs       Vnn       Vno
---------------------------------------------------------------
  statistics:      0.03      0.02      4.52      0.12       nan
 log(etas:a):      0.00      0.00      0.00      0.00       nan
log(etas:dE):      0.00      0.00      0.00      0.00       nan
   log(Ds:a):      0.00      0.00      0.33      0.00       nan
  log(Ds:dE):      0.00      0.00      0.20      0.00       nan
  log(Dso:a):      0.00      0.00      2.35      0.00       nan
 log(Dso:dE):      0.00      0.00      2.92      0.00       nan
         Vnn:      0.00      0.00      0.01      0.04       nan
         Vno:      0.00      0.00      0.00      0.02       inf
---------------------------------------------------------------
       total:      0.03      0.02      5.88      0.13       inf



