============================== nterm = 2
Least Square Fit:
  chi2/dof [dof] = 1.2 [28]    Q = 0.18    logGBF = 476.21

Parameters:
            a 0    0.21859 (14)      [  0.0 (1.0) ]
              1     0.2728 (55)      [  0.0 (1.0) ]
      log(dE) 0   -0.87628 (27)      [ -0.7 (1.0) ]
              1     -0.326 (13)      [ -0.7 (1.0) ]
---------------------------------------------------
           dE 0    0.41633 (11)      [  0.50 (50) ]
              1     0.7215 (97)      [  0.50 (50) ]

Settings:
  svdcut/n = 1e-15/0    reltol/abstol = 1e-10/1e-10    (itns/time = 18/0.0)

E   0.41633(11)      1.1378(97)
a   0.21859(14)      0.2728(55)

============================== nterm = 3
Least Square Fit:
  chi2/dof [dof] = 0.94 [28]    Q = 0.55    logGBF = 477.28

Parameters:
            a 0    0.21839 (17)      [  0.0 (1.0) ]
              1      0.175 (80)      [  0.0 (1.0) ]
              2       0.36 (16)      [  0.0 (1.0) ]
      log(dE) 0   -0.87651 (29)      [ -0.7 (1.0) ]
              1      -0.52 (17)      [ -0.7 (1.0) ]
              2      -0.67 (67)      [ -0.7 (1.0) ]
---------------------------------------------------
           dE 0    0.41623 (12)      [  0.50 (50) ]
              1       0.59 (10)      [  0.50 (50) ]
              2       0.51 (34)      [  0.50 (50) ]

Settings:
  svdcut/n = 1e-15/0    reltol/abstol = 1e-10/1e-10    (itns/time = 38/0.1)

E   0.41623(12)      1.01(10)
a   0.21839(17)      0.175(80)

============================== nterm = 4
Least Square Fit:
  chi2/dof [dof] = 0.94 [28]    Q = 0.55    logGBF = 477.28

Parameters:
            a 0    0.21839 (17)      [  0.0 (1.0) ]
              1      0.175 (80)      [  0.0 (1.0) ]
              2       0.36 (16)      [  0.0 (1.0) ]
              3      3e-11 +- 1      [  0.0 (1.0) ]
      log(dE) 0   -0.87651 (29)      [ -0.7 (1.0) ]
              1      -0.52 (17)      [ -0.7 (1.0) ]
              2      -0.67 (67)      [ -0.7 (1.0) ]
              3      -0.7 (1.0)      [ -0.7 (1.0) ]
---------------------------------------------------
           dE 0    0.41623 (12)      [  0.50 (50) ]
              1       0.59 (10)      [  0.50 (50) ]
              2       0.51 (34)      [  0.50 (50) ]
              3       0.50 (50)      [  0.50 (50) ]

Settings:
  svdcut/n = 1e-15/0    reltol/abstol = 1e-10/1e-10    (itns/time = 14/0.0)

E   0.41623(12)      1.01(10)
a   0.21839(17)      0.175(80)

============================== nterm = 5
Least Square Fit:
  chi2/dof [dof] = 0.94 [28]    Q = 0.55    logGBF = 477.28

Parameters:
            a 0    0.21839 (17)      [  0.0 (1.0) ]
              1      0.175 (80)      [  0.0 (1.0) ]
              2       0.36 (16)      [  0.0 (1.0) ]
              3     -2e-17 +- 1      [  0.0 (1.0) ]
              4      4e-17 +- 1      [  0.0 (1.0) ]
      log(dE) 0   -0.87651 (29)      [ -0.7 (1.0) ]
              1      -0.52 (17)      [ -0.7 (1.0) ]
              2      -0.67 (67)      [ -0.7 (1.0) ]
              3      -0.7 (1.0)      [ -0.7 (1.0) ]
              4      -0.7 (1.0)      [ -0.7 (1.0) ]
---------------------------------------------------
           dE 0    0.41623 (12)      [  0.50 (50) ]
              1       0.59 (10)      [  0.50 (50) ]
              2       0.51 (34)      [  0.50 (50) ]
              3       0.50 (50)      [  0.50 (50) ]
              4       0.50 (50)      [  0.50 (50) ]

Settings:
  svdcut/n = 1e-15/0    reltol/abstol = 1e-10/1e-10    (itns/time = 11/0.0)

E   0.41623(12)      1.01(10)
a   0.21839(17)      0.175(80)

E: 0.41633(11) ampl: 0.047744(68) chi2/dof [dof]: 1.3 1.2 [57] Q: 0.1 0.2
