============================== nterm = 1
Least Square Fit (input data correlated with prior):
  chi2/dof [dof] = 6.7e+03 [69]    Q = 0    logGBF = -2.3049e+05    itns = 19

Parameters:
  log(etas:a) 0   -1.42239 (27)      [ -1.2 (1.0) ]
 log(etas:dE) 0   -0.80888 (13)      [ -0.92 (50) ]
    log(Ds:a) 0   -1.38372 (20)      [ -1.2 (1.0) ]
   log(Ds:ao) 0    -1.6793 (26)      [ -2.3 (1.0) ]
   log(Ds:dE) 0   0.215911 (54)      [  0.18 (17) ]
  log(Ds:dEo) 0    0.58845 (40)      [  0.41 (24) ]
        Vnn 0,0    0.69842 (39)      [  0.0 (1.0) ]
        Vno 0,0    -1.4247 (36)      [  0.0 (1.0) ]

Settings:
  svdcut = (1e-15,1e-15)   svdnum = (None,None)    reltol/abstol = 1e-10/1e-10

============================== nterm = 2
Least Square Fit (input data correlated with prior):
  chi2/dof [dof] = 2.2 [69]    Q = 2.5e-08    logGBF = 1556.4    itns = 27

Parameters:
  log(etas:a) 0   -1.52040 (44)      [ -1.2 (1.0) ]
              1     -1.273 (15)      [ -1.2 (1.0) ]
 log(etas:dE) 0   -0.87629 (19)      [ -0.92 (50) ]
              1     -0.312 (10)      [ -0.7 (1.0) ]
    log(Ds:a) 0   -1.53792 (60)      [ -1.2 (1.0) ]
              1    -1.0800 (86)      [ -1.2 (1.0) ]
   log(Ds:ao) 0    -2.5675 (71)      [ -2.3 (1.0) ]
              1      -1.27 (13)      [ -2.3 (1.0) ]
   log(Ds:dE) 0   0.183684 (93)      [  0.18 (17) ]
              1    -0.5850 (66)      [ -0.7 (1.0) ]
  log(Ds:dEo) 0     0.3770 (14)      [  0.41 (24) ]
              1     -0.233 (43)      [ -0.7 (1.0) ]
        Vnn 0,0    0.76425 (53)      [  0.0 (1.0) ]
            0,1    -0.4707 (71)      [  0.0 (1.0) ]
            1,0     0.0699 (88)      [  0.0 (1.0) ]
            1,1      -1.24 (91)      [  0.0 (1.0) ]
        Vno 0,0    -0.6820 (80)      [  0.0 (1.0) ]
            0,1      1.533 (98)      [  0.0 (1.0) ]
            1,0      -1.37 (14)      [  0.0 (1.0) ]
            1,1      -0.0 (1.0)      [  0.0 (1.0) ]

Settings:
  svdcut = (1e-15,1e-15)   svdnum = (None,None)    reltol/abstol = 1e-10/1e-10

============================== nterm = 3
Least Square Fit (input data correlated with prior):
  chi2/dof [dof] = 0.61 [69]    Q = 1    logGBF = 1595.2    itns = 27

Parameters:
  log(etas:a) 0   -1.52166 (49)      [ -1.2 (1.0) ]
              1      -2.19 (26)      [ -1.2 (1.0) ]
              2      -1.43 (25)      [ -1.2 (1.0) ]
 log(etas:dE) 0   -0.87660 (20)      [ -0.92 (50) ]
              1     -0.656 (90)      [ -0.7 (1.0) ]
              2      -1.65 (48)      [ -0.7 (1.0) ]
    log(Ds:a) 0   -1.53878 (93)      [ -1.2 (1.0) ]
              1     -1.325 (39)      [ -1.2 (1.0) ]
              2      -0.60 (12)      [ -1.2 (1.0) ]
   log(Ds:ao) 0     -2.581 (27)      [ -2.3 (1.0) ]
              1      -2.31 (22)      [ -2.3 (1.0) ]
              2      -2.35 (96)      [ -2.3 (1.0) ]
   log(Ds:dE) 0    0.18368 (12)      [  0.18 (17) ]
              1     -0.708 (26)      [ -0.7 (1.0) ]
              2     -0.524 (82)      [ -0.7 (1.0) ]
  log(Ds:dEo) 0     0.3797 (37)      [  0.41 (24) ]
              1      -0.97 (16)      [ -0.7 (1.0) ]
              2      -0.42 (71)      [ -0.7 (1.0) ]
        Vnn 0,0    0.76799 (84)      [  0.0 (1.0) ]
            0,1     -0.462 (29)      [  0.0 (1.0) ]
            0,2       0.09 (20)      [  0.0 (1.0) ]
            1,0     -0.033 (20)      [  0.0 (1.0) ]
            1,1       0.07 (98)      [  0.0 (1.0) ]
            1,2       0.0 (1.0)      [  0.0 (1.0) ]
            2,0      0.079 (24)      [  0.0 (1.0) ]
            2,1      -0.09 (96)      [  0.0 (1.0) ]
            2,2       0.0 (1.0)      [  0.0 (1.0) ]
        Vno 0,0     -0.754 (23)      [  0.0 (1.0) ]
            0,1       0.75 (19)      [  0.0 (1.0) ]
            0,2      -0.40 (86)      [  0.0 (1.0) ]
            1,0      -0.20 (39)      [  0.0 (1.0) ]
            1,1       0.0 (1.0)      [  0.0 (1.0) ]
            1,2       0.0 (1.0)      [  0.0 (1.0) ]
            2,0      -1.27 (80)      [  0.0 (1.0) ]
            2,1      -0.0 (1.0)      [  0.0 (1.0) ]
            2,2       0.0 (1.0)      [  0.0 (1.0) ]

Settings:
  svdcut = (1e-15,1e-15)   svdnum = (None,None)    reltol/abstol = 1e-10/1e-10

============================== nterm = 4
Least Square Fit (input data correlated with prior):
  chi2/dof [dof] = 0.62 [69]    Q = 0.99    logGBF = 1595.3    itns = 23

Parameters:
  log(etas:a) 0   -1.52160 (49)      [ -1.2 (1.0) ]
              1      -2.02 (22)      [ -1.2 (1.0) ]
              2      -1.50 (44)      [ -1.2 (1.0) ]
              3      -1.68 (95)      [ -1.2 (1.0) ]
 log(etas:dE) 0   -0.87659 (19)      [ -0.92 (50) ]
              1     -0.601 (78)      [ -0.7 (1.0) ]
              2      -1.64 (59)      [ -0.7 (1.0) ]
              3      -0.27 (92)      [ -0.7 (1.0) ]
    log(Ds:a) 0   -1.53876 (93)      [ -1.2 (1.0) ]
              1     -1.327 (42)      [ -1.2 (1.0) ]
              2      -0.68 (22)      [ -1.2 (1.0) ]
              3      -1.11 (98)      [ -1.2 (1.0) ]
   log(Ds:ao) 0     -2.585 (25)      [ -2.3 (1.0) ]
              1      -2.32 (23)      [ -2.3 (1.0) ]
              2      -2.34 (96)      [ -2.3 (1.0) ]
              3      -2.3 (1.0)      [ -2.3 (1.0) ]
   log(Ds:dE) 0    0.18369 (12)      [  0.18 (17) ]
              1     -0.708 (27)      [ -0.7 (1.0) ]
              2      -0.57 (11)      [ -0.7 (1.0) ]
              3      -0.78 (99)      [ -0.7 (1.0) ]
  log(Ds:dEo) 0     0.3792 (35)      [  0.41 (24) ]
              1      -0.98 (15)      [ -0.7 (1.0) ]
              2      -0.40 (68)      [ -0.7 (1.0) ]
              3      -0.7 (1.0)      [ -0.7 (1.0) ]
        Vnn 0,0    0.76782 (92)      [  0.0 (1.0) ]
            0,1     -0.461 (32)      [  0.0 (1.0) ]
            0,2       0.09 (22)      [  0.0 (1.0) ]
            0,3      -0.02 (99)      [  0.0 (1.0) ]
            1,0     -0.013 (25)      [  0.0 (1.0) ]
            1,1       0.03 (98)      [  0.0 (1.0) ]
            1,2       0.0 (1.0)      [  0.0 (1.0) ]
            1,3       0.0 (1.0)      [  0.0 (1.0) ]
            2,0      0.078 (47)      [  0.0 (1.0) ]
            2,1      -0.01 (98)      [  0.0 (1.0) ]
            2,2       0.0 (1.0)      [  0.0 (1.0) ]
            2,3       0.0 (1.0)      [  0.0 (1.0) ]
            3,0      -0.36 (95)      [  0.0 (1.0) ]
            3,1       0.0 (1.0)      [  0.0 (1.0) ]
            3,2       0.0 (1.0)      [  0.0 (1.0) ]
            3,3       0.0 (1.0)      [  0.0 (1.0) ]
        Vno 0,0     -0.755 (25)      [  0.0 (1.0) ]
            0,1       0.73 (18)      [  0.0 (1.0) ]
            0,2      -0.46 (86)      [  0.0 (1.0) ]
            0,3      -0.0 (1.0)      [  0.0 (1.0) ]
            1,0      -0.24 (40)      [  0.0 (1.0) ]
            1,1       0.0 (1.0)      [  0.0 (1.0) ]
            1,2       0.0 (1.0)      [  0.0 (1.0) ]
            1,3       0.0 (1.0)      [  0.0 (1.0) ]
            2,0      -1.25 (83)      [  0.0 (1.0) ]
            2,1      -0.0 (1.0)      [  0.0 (1.0) ]
            2,2       0.0 (1.0)      [  0.0 (1.0) ]
            2,3       0.0 (1.0)      [  0.0 (1.0) ]
            3,0       0.0 (1.0)      [  0.0 (1.0) ]
            3,1       0.0 (1.0)      [  0.0 (1.0) ]
            3,2       0.0 (1.0)      [  0.0 (1.0) ]
            3,3       0.0 (1.0)      [  0.0 (1.0) ]

Settings:
  svdcut = (1e-15,1e-15)   svdnum = (None,None)    reltol/abstol = 1e-10/1e-10

Least Square Fit (input data correlated with prior):
  chi2/dof [dof] = 0.12 [69]    Q = 1    logGBF = 1614.1    itns = 20

Parameters:
  log(etas:a) 0   -1.52145 (49)      [ -1.52160 (56) ]
              1      -1.90 (22)      [    -2.02 (25) ]
              2      -1.34 (24)      [    -1.50 (49) ]
              3      -1.51 (93)      [    -1.68 (97) ]
 log(etas:dE) 0   -0.87657 (20)      [ -0.87659 (23) ]
              1     -0.546 (64)      [   -0.601 (87) ]
              2      -1.16 (45)      [    -1.64 (66) ]
              3      -0.56 (66)      [    -0.27 (99) ]
    log(Ds:a) 0   -1.53869 (92)      [  -1.5388 (11) ]
              1     -1.321 (39)      [   -1.327 (47) ]
              2      -0.69 (22)      [    -0.68 (25) ]
              3      -1.1 (1.0)      [    -1.1 (1.0) ]
   log(Ds:ao) 0     -2.597 (26)      [   -2.585 (28) ]
              1      -2.26 (16)      [    -2.32 (26) ]
              2      -2.36 (98)      [    -2.34 (98) ]
              3      -2.3 (1.0)      [    -2.3 (1.0) ]
   log(Ds:dE) 0    0.18370 (12)      [  0.18369 (14) ]
              1     -0.703 (25)      [   -0.708 (31) ]
              2      -0.58 (11)      [    -0.57 (13) ]
              3      -0.8 (1.0)      [    -0.8 (1.0) ]
  log(Ds:dEo) 0     0.3781 (33)      [   0.3792 (39) ]
              1      -0.99 (14)      [    -0.98 (17) ]
              2      -0.41 (70)      [    -0.40 (74) ]
              3      -0.7 (1.0)      [    -0.7 (1.0) ]
        Vnn 0,0    0.76760 (83)      [   0.7678 (10) ]
            0,1     -0.468 (32)      [   -0.461 (37) ]
            0,2       0.14 (22)      [     0.09 (25) ]
            0,3      -0.0 (1.0)      [    -0.0 (1.0) ]
            1,0      0.005 (25)      [   -0.013 (28) ]
            1,1       0.05 (92)      [     0.0 (1.0) ]
            1,2       0.0 (1.0)      [     0.0 (1.0) ]
            1,3       0.0 (1.0)      [     0.0 (1.0) ]
            2,0      0.089 (48)      [    0.078 (52) ]
            2,1       0.02 (98)      [    -0.01 (99) ]
            2,2       0.0 (1.0)      [     0.0 (1.0) ]
            2,3       0.0 (1.0)      [     0.0 (1.0) ]
            3,0      -0.71 (92)      [    -0.4 (1.0) ]
            3,1       0.0 (1.0)      [     0.0 (1.0) ]
            3,2       0.0 (1.0)      [     0.0 (1.0) ]
            3,3       0.0 (1.0)      [     0.0 (1.0) ]
        Vno 0,0     -0.754 (25)      [   -0.755 (28) ]
            0,1       0.65 (16)      [     0.73 (20) ]
            0,2      -0.62 (91)      [    -0.46 (96) ]
            0,3      -0.0 (1.0)      [    -0.0 (1.0) ]
            1,0      -0.11 (39)      [    -0.24 (43) ]
            1,1       0.0 (1.0)      [     0.0 (1.0) ]
            1,2       0.0 (1.0)      [     0.0 (1.0) ]
            1,3       0.0 (1.0)      [     0.0 (1.0) ]
            2,0      -1.38 (83)      [    -1.25 (89) ]
            2,1      -0.0 (1.0)      [    -0.0 (1.0) ]
            2,2       0.0 (1.0)      [     0.0 (1.0) ]
            2,3       0.0 (1.0)      [     0.0 (1.0) ]
            3,0       0.0 (1.0)      [     0.0 (1.0) ]
            3,1       0.0 (1.0)      [     0.0 (1.0) ]
            3,2       0.0 (1.0)      [     0.0 (1.0) ]
            3,3       0.0 (1.0)      [     0.0 (1.0) ]

Settings:
  svdcut = (0.01,None)   svdnum = (None,None)    reltol/abstol = 1e-10/1e-10

Fit results:
  Eetas: 0.416206(81) 0.995(37) 1.31(15)
  aetas: 0.21839(11) 0.150(33) 0.263(63)

  EDs: 1.20166(14) 1.697(13) 2.255(58)
  aDs: 0.21466(20) 0.267(10) 0.50(11)

  EDso: 1.4595(48) 1.832(52) 2.49(47)
  aDso: 0.0745(20) 0.104(17) 0.095(92)

  etas->V->Ds  = 0.76760(83)
  etas->V->Dso = -0.754(25)

Values:
              metas: 0.416206(81)        
                mDs: 1.20166(14)         
           mDso-mDs: 0.2579(48)          
                Vnn: 0.76760(83)         
                Vno: -0.754(25)          

Partial % Errors:
                         metas       mDs  mDso-mDs       Vnn       Vno
----------------------------------------------------------------------
         statistics:      0.02      0.01      1.59      0.09      2.51
        log(etas:a):      0.00      0.00      0.08      0.01      0.06
       log(etas:dE):      0.00      0.00      0.13      0.01      0.28
          log(Ds:a):      0.00      0.00      0.09      0.01      0.26
         log(Ds:dE):      0.00      0.00      0.05      0.00      0.13
         log(Ds:ao):      0.00      0.00      0.16      0.01      0.61
        log(Ds:dEo):      0.00      0.00      0.25      0.01      0.38
                Vnn:      0.00      0.00      0.20      0.04      0.23
                Vno:      0.00      0.00      0.57      0.02      0.95
                svd:      0.00      0.00      0.71      0.04      1.68
----------------------------------------------------------------------
              total:      0.02      0.01      1.88      0.11      3.28



