============================== nterm = 1
Chained Least Square Fit (input data correlated with prior):
  chi2/dof [dof] = 6.3e+03 [69]    Q = 0    logGBF = -2.1544e+05    itns = 18

Parameters:
  log(etas:a) 0   -1.39520 (36)      [ -1.2 (1.0) ]  
 log(etas:dE) 0   -0.78894 (15)      [ -0.92 (50) ]  
    log(Ds:a) 0   -1.34500 (24)      [ -1.2 (1.0) ]  
   log(Ds:dE) 0   0.228076 (55)      [  0.18 (17) ]  
   log(Ds:ao) 0    -1.2362 (27)      [ -2.3 (1.0) ]  *
  log(Ds:dEo) 0    0.68526 (41)      [  0.41 (24) ]  *
        Vnn 0,0    0.68690 (42)      [  0.0 (1.0) ]  
        Vno 0,0    -2.0928 (66)      [  0.0 (1.0) ]  **

Settings:
  svdcut = (1e-15,1e-15)   svdnum = (None,None)    reltol/abstol = 1e-10/1e-10

============================== nterm = 2
Chained Least Square Fit (input data correlated with prior):
  chi2/dof [dof] = 2.4 [69]    Q = 7.9e-10    logGBF = 1549.9    itns = 32

Parameters:
  log(etas:a) 0   -1.51992 (68)      [ -1.2 (1.0) ]  
              1     -1.281 (17)      [ -1.2 (1.0) ]  
 log(etas:dE) 0   -0.87616 (27)      [ -0.92 (50) ]  
              1     -0.314 (11)      [ -0.7 (1.0) ]  
    log(Ds:a) 0   -1.53768 (75)      [ -1.2 (1.0) ]  
              1    -1.0770 (91)      [ -1.2 (1.0) ]  
   log(Ds:dE) 0    0.18371 (12)      [  0.18 (17) ]  
              1    -0.5824 (70)      [ -0.7 (1.0) ]  
   log(Ds:ao) 0    -2.5611 (75)      [ -2.3 (1.0) ]  
              1      -1.33 (13)      [ -2.3 (1.0) ]  
  log(Ds:dEo) 0     0.3781 (15)      [  0.41 (24) ]  
              1     -0.242 (40)      [ -0.7 (1.0) ]  
        Vnn 0,0    0.76461 (47)      [  0.0 (1.0) ]  
            0,1    -0.4727 (72)      [  0.0 (1.0) ]  
            1,0     0.0624 (87)      [  0.0 (1.0) ]  
            1,1      -0.93 (93)      [  0.0 (1.0) ]  
        Vno 0,0    -0.6859 (83)      [  0.0 (1.0) ]  
            0,1       1.64 (11)      [  0.0 (1.0) ]  *
            1,0      -1.49 (15)      [  0.0 (1.0) ]  *
            1,1      -0.04 (95)      [  0.0 (1.0) ]  

Settings:
  svdcut = (1e-15,1e-15)   svdnum = (None,None)    reltol/abstol = 1e-10/1e-10

============================== nterm = 3
Chained Least Square Fit (input data correlated with prior):
  chi2/dof [dof] = 0.68 [69]    Q = 0.98    logGBF = 1593.2    itns = 31

Parameters:
  log(etas:a) 0   -1.52175 (76)      [ -1.2 (1.0) ]  
              1      -2.24 (32)      [ -1.2 (1.0) ]  *
              2      -1.42 (25)      [ -1.2 (1.0) ]  
 log(etas:dE) 0   -0.87663 (29)      [ -0.92 (50) ]  
              1      -0.68 (11)      [ -0.7 (1.0) ]  
              2      -1.50 (49)      [ -0.7 (1.0) ]  
    log(Ds:a) 0    -1.5389 (10)      [ -1.2 (1.0) ]  
              1     -1.313 (36)      [ -1.2 (1.0) ]  
              2      -0.59 (12)      [ -1.2 (1.0) ]  
   log(Ds:dE) 0    0.18367 (14)      [  0.18 (17) ]  
              1     -0.704 (24)      [ -0.7 (1.0) ]  
              2     -0.503 (87)      [ -0.7 (1.0) ]  
   log(Ds:ao) 0     -2.597 (28)      [ -2.3 (1.0) ]  
              1      -2.33 (22)      [ -2.3 (1.0) ]  
              2      -2.38 (96)      [ -2.3 (1.0) ]  
  log(Ds:dEo) 0     0.3780 (36)      [  0.41 (24) ]  
              1      -1.03 (16)      [ -0.7 (1.0) ]  
              2      -0.36 (74)      [ -0.7 (1.0) ]  
        Vnn 0,0    0.76768 (81)      [  0.0 (1.0) ]  
            0,1     -0.460 (27)      [  0.0 (1.0) ]  
            0,2       0.13 (18)      [  0.0 (1.0) ]  
            1,0      0.013 (12)      [  0.0 (1.0) ]  
            1,1      -0.04 (87)      [  0.0 (1.0) ]  
            1,2    -0.006 (968)      [  0.0 (1.0) ]  
            2,0      0.031 (17)      [  0.0 (1.0) ]  
            2,1     0.03 (1.00)      [  0.0 (1.0) ]  
            2,2     0.006 (984)      [  0.0 (1.0) ]  
        Vno 0,0     -0.754 (24)      [  0.0 (1.0) ]  
            0,1       0.65 (16)      [  0.0 (1.0) ]  
            0,2      -0.38 (74)      [  0.0 (1.0) ]  
            1,0      -0.16 (40)      [  0.0 (1.0) ]  
            1,1      -0.01 (97)      [  0.0 (1.0) ]  
            1,2      -0.02 (92)      [  0.0 (1.0) ]  
            2,0      -1.02 (79)      [  0.0 (1.0) ]  *
            2,1      -0.03 (98)      [  0.0 (1.0) ]  
            2,2     0.009 (906)      [  0.0 (1.0) ]  

Settings:
  svdcut = (1e-15,1e-15)   svdnum = (None,None)    reltol/abstol = 1e-10/1e-10

============================== nterm = 4
Chained Least Square Fit (input data correlated with prior):
  chi2/dof [dof] = 0.68 [69]    Q = 0.98    logGBF = 1593.5    itns = 28

Parameters:
  log(etas:a) 0    -1.52167 (74)       [ -1.2 (1.0) ]  
              1       -2.08 (29)       [ -1.2 (1.0) ]  
              2       -1.50 (40)       [ -1.2 (1.0) ]  
              3       -1.48 (94)       [ -1.2 (1.0) ]  
 log(etas:dE) 0    -0.87663 (28)       [ -0.92 (50) ]  
              1       -0.63 (10)       [ -0.7 (1.0) ]  
              2       -1.50 (60)       [ -0.7 (1.0) ]  
              3       -0.41 (77)       [ -0.7 (1.0) ]  
    log(Ds:a) 0     -1.5389 (10)       [ -1.2 (1.0) ]  
              1      -1.310 (38)       [ -1.2 (1.0) ]  
              2       -0.65 (23)       [ -1.2 (1.0) ]  
              3       -1.13 (98)       [ -1.2 (1.0) ]  
   log(Ds:dE) 0     0.18367 (14)       [  0.18 (17) ]  
              1      -0.702 (25)       [ -0.7 (1.0) ]  
              2       -0.53 (13)       [ -0.7 (1.0) ]  
              3       -0.77 (99)       [ -0.7 (1.0) ]  
   log(Ds:ao) 0      -2.607 (22)       [ -2.3 (1.0) ]  
              1       -2.33 (22)       [ -2.3 (1.0) ]  
              2       -2.39 (96)       [ -2.3 (1.0) ]  
              3       -2.30 (99)       [ -2.3 (1.0) ]  
  log(Ds:dEo) 0      0.3768 (31)       [  0.41 (24) ]  
              1       -1.05 (15)       [ -0.7 (1.0) ]  
              2       -0.31 (71)       [ -0.7 (1.0) ]  
              3       -0.70 (98)       [ -0.7 (1.0) ]  
        Vnn 0,0     0.76765 (99)       [  0.0 (1.0) ]  
            0,1      -0.460 (32)       [  0.0 (1.0) ]  
            0,2        0.14 (21)       [  0.0 (1.0) ]  
            0,3       -0.01 (90)       [  0.0 (1.0) ]  
            1,0       0.009 (23)       [  0.0 (1.0) ]  
            1,1        0.05 (89)       [  0.0 (1.0) ]  
            1,2     -0.007 (859)       [  0.0 (1.0) ]  
            1,3      0.005 (922)       [  0.0 (1.0) ]  
            2,0       0.060 (76)       [  0.0 (1.0) ]  
            2,1     -0.005 (854)       [  0.0 (1.0) ]  
            2,2       -0.02 (92)       [  0.0 (1.0) ]  
            2,3       -0.04 (81)       [  0.0 (1.0) ]  
            3,0       -0.51 (99)       [  0.0 (1.0) ]  
            3,1       -0.02 (92)       [  0.0 (1.0) ]  
            3,2       -0.02 (78)       [  0.0 (1.0) ]  
            3,3        0.03 (89)       [  0.0 (1.0) ]  
        Vno 0,0      -0.754 (25)       [  0.0 (1.0) ]  
            0,1        0.61 (13)       [  0.0 (1.0) ]  
            0,2       -0.42 (66)       [  0.0 (1.0) ]  
            0,3       -0.04 (94)       [  0.0 (1.0) ]  
            1,0       -0.11 (42)       [  0.0 (1.0) ]  
            1,1        0.01 (98)       [  0.0 (1.0) ]  
            1,2   -0.0003 (9529)       [  0.0 (1.0) ]  
            1,3      0.009 (953)       [  0.0 (1.0) ]  
            2,0       -0.80 (75)       [  0.0 (1.0) ]  
            2,1     -0.008 (781)       [  0.0 (1.0) ]  
            2,2       -0.01 (80)       [  0.0 (1.0) ]  
            2,3       -0.01 (89)       [  0.0 (1.0) ]  
            3,0       -0.02 (89)       [  0.0 (1.0) ]  
            3,1      0.001 (969)       [  0.0 (1.0) ]  
            3,2        0.03 (92)       [  0.0 (1.0) ]  
            3,3       -0.01 (95)       [  0.0 (1.0) ]  

Settings:
  svdcut = (1e-15,1e-15)   svdnum = (None,None)    reltol/abstol = 1e-10/1e-10

Least Square Fit (input data correlated with prior):
  chi2/dof [dof] = 0.7 [69]    Q = 0.97    logGBF = 1691.7    itns = 34

Parameters:
  log(etas:a) 0   -1.52162 (68)      [  -1.52167 (74) ]  
              1      -1.82 (13)      [     -2.08 (29) ]  
              2      -1.29 (16)      [     -1.50 (40) ]  
              3      -1.04 (79)      [     -1.48 (94) ]  
 log(etas:dE) 0   -0.87662 (27)      [  -0.87663 (28) ]  
              1     -0.541 (48)      [     -0.63 (10) ]  
              2      -0.97 (23)      [     -1.50 (60) ]  
              3      -0.48 (33)      [     -0.41 (77) ]  
    log(Ds:a) 0   -1.53919 (86)      [   -1.5389 (10) ]  
              1     -1.305 (24)      [    -1.310 (38) ]  
              2      -0.69 (14)      [     -0.65 (23) ]  
              3      -1.22 (76)      [     -1.13 (98) ]  
   log(Ds:dE) 0    0.18364 (13)      [   0.18367 (14) ]  
              1     -0.700 (16)      [    -0.702 (25) ]  
              2     -0.557 (84)      [     -0.53 (13) ]  
              3      -0.61 (74)      [     -0.77 (99) ]  
   log(Ds:ao) 0     -2.613 (14)      [    -2.607 (22) ]  
              1      -2.30 (10)      [     -2.33 (22) ]  
              2      -2.66 (76)      [     -2.39 (96) ]  
              3      -1.78 (64)      [     -2.30 (99) ]  
  log(Ds:dEo) 0     0.3757 (20)      [    0.3768 (31) ]  
              1     -1.007 (81)      [     -1.05 (15) ]  
              2      -0.87 (37)      [     -0.31 (72) ]  
              3      -1.36 (86)      [     -0.70 (98) ]  
        Vnn 0,0    0.76684 (51)      [   0.76765 (99) ]  
            0,1     -0.454 (21)      [    -0.460 (32) ]  
            0,2       0.14 (14)      [      0.14 (21) ]  
            0,3      -0.30 (77)      [     -0.01 (90) ]  
            1,0      0.034 (13)      [     0.009 (23) ]  *
            1,1       0.56 (60)      [      0.05 (89) ]  
            1,2       0.09 (86)      [   -0.007 (859) ]  
            1,3       0.01 (92)      [    0.005 (922) ]  
            2,0      0.091 (19)      [     0.060 (76) ]  
            2,1      -0.18 (79)      [   -0.005 (854) ]  
            2,2      -0.01 (92)      [     -0.02 (92) ]  
            2,3      -0.04 (81)      [     -0.04 (81) ]  
            3,0      -1.14 (58)      [     -0.51 (99) ]  
            3,1      -0.04 (92)      [     -0.02 (92) ]  
            3,2      -0.02 (78)      [     -0.02 (78) ]  
            3,3       0.04 (89)      [      0.03 (89) ]  
        Vno 0,0     -0.742 (14)      [    -0.754 (25) ]  
            0,1      0.611 (71)      [      0.61 (13) ]  
            0,2      -0.60 (37)      [     -0.42 (67) ]  
            0,3       0.28 (61)      [     -0.04 (94) ]  
            1,0      -0.23 (20)      [     -0.11 (42) ]  
            1,1       0.12 (96)      [      0.01 (98) ]  
            1,2       0.02 (95)      [ -0.0003 (9529) ]  
            1,3       0.02 (95)      [    0.009 (953) ]  
            2,0      -0.61 (44)      [     -0.80 (75) ]  
            2,1     0.006 (780)      [   -0.008 (781) ]  
            2,2    -0.003 (797)      [     -0.01 (80) ]  
            2,3    -0.004 (890)      [     -0.01 (89) ]  
            3,0       0.02 (89)      [     -0.02 (89) ]  
            3,1    -0.007 (969)      [    0.001 (969) ]  
            3,2       0.02 (92)      [      0.03 (92) ]  
            3,3     0.003 (953)      [     -0.01 (95) ]  

Settings:
  svdcut = (0.0001,None)   svdnum = (None,None)    reltol/abstol = 1e-10/1e-10

Fit results:
  Eetas: [0.41619(11) 0.998(28) 1.38(10)]
  aetas: [0.21836(15) 0.162(21) 0.274(44)]

  EDs: [1.20158(16) 1.6982(82) 2.271(43)]
  aDs: [0.21456(18) 0.2712(64) 0.503(70)]

  EDso: [1.4559(29) 1.821(29) 2.24(16)]
  aDso: [0.0733(10) 0.100(10) 0.070(54)]

  etas->V->Ds  = 0.76684(51)
  etas->V->Dso = -0.742(14)

Values:
              metas: 0.41619(11)         
                mDs: 1.20158(16)         
           mDso-mDs: 0.2544(29)          
                Vnn: 0.76684(51)         
                Vno: -0.742(14)          

Partial % Errors:
                         metas       mDs  mDso-mDs       Vnn       Vno
----------------------------------------------------------------------
         statistics:      0.03      0.01      0.80      0.05      1.47
        log(etas:a):      0.00      0.00      0.08      0.00      0.07
       log(etas:dE):      0.00      0.00      0.10      0.01      0.11
          log(Ds:a):      0.00      0.00      0.04      0.00      0.34
         log(Ds:dE):      0.00      0.00      0.02      0.00      0.13
         log(Ds:ao):      0.00      0.00      0.16      0.01      0.34
        log(Ds:dEo):      0.00      0.00      0.27      0.00      0.40
                Vnn:      0.00      0.00      0.20      0.01      0.10
                Vno:      0.00      0.00      0.41      0.01      0.46
                svd:      0.00      0.00      0.54      0.03      1.01
----------------------------------------------------------------------
              total:      0.03      0.01      1.12      0.07      1.95



