============================== nterm = 1
Least Square Fit:
  chi2/dof [dof] = 7.4e+03 [69]    Q = 0    logGBF = -2.5405e+05

Parameters:
  log(etas:a) 0   -1.38766 (30)      [ -1.2 (1.0) ]  
 log(etas:dE) 0   -0.80364 (14)      [ -0.92 (50) ]  
    log(Ds:a) 0   -1.35559 (20)      [ -1.2 (1.0) ]  
   log(Ds:dE) 0   0.220836 (54)      [  0.18 (17) ]  
   log(Ds:ao) 0    -1.7014 (16)      [ -2.3 (1.0) ]  
  log(Ds:dEo) 0    0.54320 (39)      [  0.41 (24) ]  
        Vnn 0,0    0.74220 (23)      [  0.0 (1.0) ]  
        Vno 0,0    -1.0474 (21)      [  0.0 (1.0) ]  *

Settings:
  svdcut/n = 1e-15/0    reltol/abstol = 1e-10/1e-10    (itns/time = 24/0.2)

============================== nterm = 2
Least Square Fit:
  chi2/dof [dof] = 3 [69]    Q = 6e-16    logGBF = 1531.1

Parameters:
  log(etas:a) 0   -1.52065 (64)      [ -1.2 (1.0) ]  
              1     -1.300 (15)      [ -1.2 (1.0) ]  
 log(etas:dE) 0   -0.87643 (26)      [ -0.92 (50) ]  
              1     -0.331 (10)      [ -0.7 (1.0) ]  
    log(Ds:a) 0   -1.53878 (66)      [ -1.2 (1.0) ]  
              1    -1.0798 (68)      [ -1.2 (1.0) ]  
   log(Ds:dE) 0    0.18357 (11)      [  0.18 (17) ]  
              1    -0.5880 (55)      [ -0.7 (1.0) ]  
   log(Ds:ao) 0    -2.6014 (75)      [ -2.3 (1.0) ]  
              1     -1.266 (76)      [ -2.3 (1.0) ]  *
  log(Ds:dEo) 0     0.3735 (14)      [  0.41 (24) ]  
              1     -0.323 (41)      [ -0.7 (1.0) ]  
        Vnn 0,0    0.76314 (30)      [  0.0 (1.0) ]  
            0,1    -0.4536 (52)      [  0.0 (1.0) ]  
            1,0     0.0799 (73)      [  0.0 (1.0) ]  
            1,1      -0.25 (76)      [  0.0 (1.0) ]  
        Vno 0,0    -0.6796 (76)      [  0.0 (1.0) ]  
            0,1      0.946 (66)      [  0.0 (1.0) ]  
            1,0      -1.00 (13)      [  0.0 (1.0) ]  
            1,1     0.06 (1.00)      [  0.0 (1.0) ]  

Settings:
  svdcut/n = 1e-15/0    reltol/abstol = 1e-10/1e-10    (itns/time = 75/0.7)

============================== nterm = 3
Least Square Fit:
  chi2/dof [dof] = 0.7 [69]    Q = 0.97    logGBF = 1601.6

Parameters:
  log(etas:a) 0     -1.52172 (73)       [ -1.2 (1.0) ]  
              1        -1.81 (47)       [ -1.2 (1.0) ]  
              2        -1.13 (20)       [ -1.2 (1.0) ]  
 log(etas:dE) 0     -0.87662 (28)       [ -0.92 (50) ]  
              1        -0.54 (17)       [ -0.7 (1.0) ]  
              2        -0.82 (44)       [ -0.7 (1.0) ]  
    log(Ds:a) 0     -1.53871 (91)       [ -1.2 (1.0) ]  
              1       -1.290 (73)       [ -1.2 (1.0) ]  
              2        -0.58 (33)       [ -1.2 (1.0) ]  
   log(Ds:dE) 0      0.18370 (13)       [  0.18 (17) ]  
              1       -0.690 (34)       [ -0.7 (1.0) ]  
              2        -0.49 (29)       [ -0.7 (1.0) ]  
   log(Ds:ao) 0        -2.76 (14)       [ -2.3 (1.0) ]  
              1        -2.53 (34)       [ -2.3 (1.0) ]  
              2        -2.11 (77)       [ -2.3 (1.0) ]  
  log(Ds:dEo) 0        0.366 (11)       [  0.41 (24) ]  
              1        -1.59 (54)       [ -0.7 (1.0) ]  
              2        -0.64 (76)       [ -0.7 (1.0) ]  
        Vnn 0,0      0.76725 (76)       [  0.0 (1.0) ]  
            0,1       -0.490 (32)       [  0.0 (1.0) ]  
            0,2         0.51 (51)       [  0.0 (1.0) ]  
            1,0        0.049 (37)       [  0.0 (1.0) ]  
            1,1         0.24 (68)       [  0.0 (1.0) ]  
            1,2    -0.005 (0.995)       [  0.0 (1.0) ]  
            2,0        -0.06 (14)       [  0.0 (1.0) ]  
            2,1       0.05 (1.00)       [  0.0 (1.0) ]  
            2,2   0.0004 (1.0000)       [  0.0 (1.0) ]  
        Vno 0,0       -0.793 (93)       [  0.0 (1.0) ]  
            0,1         0.26 (33)       [  0.0 (1.0) ]  
            0,2      -0.006 (841)       [  0.0 (1.0) ]  
            1,0         0.39 (45)       [  0.0 (1.0) ]  
            1,1         0.20 (95)       [  0.0 (1.0) ]  
            1,2    -0.006 (0.999)       [  0.0 (1.0) ]  
            2,0        -0.17 (92)       [  0.0 (1.0) ]  
            2,1     0.006 (0.999)       [  0.0 (1.0) ]  
            2,2   0.0007 (1.0000)       [  0.0 (1.0) ]  

Settings:
  svdcut/n = 1e-15/0    reltol/abstol = 1e-10/1e-10    (itns/time = 73/0.9)

============================== nterm = 4
Least Square Fit:
  chi2/dof [dof] = 0.7 [69]    Q = 0.97    logGBF = 1602.1

Parameters:
  log(etas:a) 0      -1.52170 (73)        [ -1.2 (1.0) ]  
              1         -1.77 (43)        [ -1.2 (1.0) ]  
              2         -1.22 (42)        [ -1.2 (1.0) ]  
              3         -1.31 (95)        [ -1.2 (1.0) ]  
 log(etas:dE) 0      -0.87661 (28)        [ -0.92 (50) ]  
              1         -0.53 (15)        [ -0.7 (1.0) ]  
              2         -0.85 (62)        [ -0.7 (1.0) ]  
              3         -0.62 (97)        [ -0.7 (1.0) ]  
    log(Ds:a) 0      -1.53869 (91)        [ -1.2 (1.0) ]  
              1        -1.290 (74)        [ -1.2 (1.0) ]  
              2         -0.65 (39)        [ -1.2 (1.0) ]  
              3         -1.11 (99)        [ -1.2 (1.0) ]  
   log(Ds:dE) 0       0.18370 (13)        [  0.18 (17) ]  
              1        -0.689 (35)        [ -0.7 (1.0) ]  
              2         -0.53 (32)        [ -0.7 (1.0) ]  
              3         -0.77 (99)        [ -0.7 (1.0) ]  
   log(Ds:ao) 0         -2.76 (14)        [ -2.3 (1.0) ]  
              1         -2.53 (33)        [ -2.3 (1.0) ]  
              2         -2.15 (80)        [ -2.3 (1.0) ]  
              3         -2.3 (1.0)        [ -2.3 (1.0) ]  
  log(Ds:dEo) 0         0.366 (11)        [  0.41 (24) ]  
              1         -1.59 (53)        [ -0.7 (1.0) ]  
              2         -0.65 (74)        [ -0.7 (1.0) ]  
              3         -0.7 (1.0)        [ -0.7 (1.0) ]  
        Vnn 0,0       0.76725 (76)        [  0.0 (1.0) ]  
            0,1        -0.492 (33)        [  0.0 (1.0) ]  
            0,2          0.50 (51)        [  0.0 (1.0) ]  
            0,3        0.06 (1.00)        [  0.0 (1.0) ]  
            1,0         0.050 (42)        [  0.0 (1.0) ]  
            1,1          0.25 (70)        [  0.0 (1.0) ]  
            1,2     -0.005 (0.995)        [  0.0 (1.0) ]  
            1,3   -0.0007 (1.0000)        [  0.0 (1.0) ]  
            2,0         -0.07 (19)        [  0.0 (1.0) ]  
            2,1        0.05 (1.00)        [  0.0 (1.0) ]  
            2,2    0.0004 (1.0000)        [  0.0 (1.0) ]  
            2,3        -1e-05 +- 1        [  0.0 (1.0) ]  
            3,0        0.002 (977)        [  0.0 (1.0) ]  
            3,1      0.003 (1.000)        [  0.0 (1.0) ]  
            3,2         3e-05 +- 1        [  0.0 (1.0) ]  
            3,3         2e-07 +- 1        [  0.0 (1.0) ]  
        Vno 0,0        -0.793 (92)        [  0.0 (1.0) ]  
            0,1          0.25 (33)        [  0.0 (1.0) ]  
            0,2        0.005 (845)        [  0.0 (1.0) ]  
            0,3        0.01 (1.00)        [  0.0 (1.0) ]  
            1,0          0.38 (45)        [  0.0 (1.0) ]  
            1,1          0.22 (95)        [  0.0 (1.0) ]  
            1,2     -0.004 (0.999)        [  0.0 (1.0) ]  
            1,3   -0.0009 (1.0000)        [  0.0 (1.0) ]  
            2,0         -0.17 (93)        [  0.0 (1.0) ]  
            2,1      0.005 (0.999)        [  0.0 (1.0) ]  
            2,2    0.0007 (1.0000)        [  0.0 (1.0) ]  
            2,3        -1e-05 +- 1        [  0.0 (1.0) ]  
            3,0       -0.03 (1.00)        [  0.0 (1.0) ]  
            3,1     -0.003 (1.000)        [  0.0 (1.0) ]  
            3,2         1e-05 +- 1        [  0.0 (1.0) ]  
            3,3         4e-07 +- 1        [  0.0 (1.0) ]  

Settings:
  svdcut/n = 1e-15/0    reltol/abstol = 1e-10/1e-10    (itns/time = 20/0.4)

Fit results:
  Eetas: [0.41619(12) 1.007(89) 1.43(34)]
  aetas: [0.21834(16) 0.170(74) 0.30(12)]

  EDs: [1.20166(16) 1.704(17) 2.29(20)]
  aDs: [0.21466(20) 0.275(20) 0.52(20)]

  EDso: [1.442(16) 1.65(11) 2.17(44)]
  aDso: [0.0634(90) 0.080(26) 0.116(93)]

  etas->V->Ds  = 0.76725(76)
  etas->V->Dso = -0.793(92)

Values:
              metas: 0.41619(12)         
                mDs: 1.20166(16)         
           mDso-mDs: 0.240(16)           
                Vnn: 0.76725(76)         
                Vno: -0.793(92)          

Partial % Errors:
                         metas       mDs  mDso-mDs       Vnn       Vno
----------------------------------------------------------------------
         statistics:      0.03      0.01      4.51      0.09      8.60
        log(etas:a):      0.00      0.00      0.11      0.01      0.39
       log(etas:dE):      0.00      0.00      0.06      0.01      0.38
          log(Ds:a):      0.00      0.00      0.53      0.02      0.96
         log(Ds:dE):      0.00      0.00      0.44      0.02      0.59
         log(Ds:ao):      0.00      0.00      1.10      0.01      3.85
        log(Ds:dEo):      0.00      0.00      1.14      0.01      5.66
                Vnn:      0.00      0.00      0.58      0.03      1.03
                Vno:      0.00      0.00      4.25      0.01      3.39
                svd:      0.00      0.00      0.00      0.00      0.00
----------------------------------------------------------------------
              total:      0.03      0.01      6.46      0.10     11.61




Random seed: (5339893179535759510, 4088224360017966188, 7597275990505476522)

============================== simulation
Least Square Fit:
  chi2/dof [dof] = 0.7 [69]    Q = 0.97    logGBF = 1602.4

Parameters:
  log(etas:a) 0   -1.52098 (72)      [ -1.2 (1.0) ]  
              1      -1.71 (49)      [ -1.2 (1.0) ]  
 log(etas:dE) 0   -0.87634 (28)      [ -0.92 (50) ]  
              1      -0.52 (16)      [ -0.7 (1.0) ]  
    log(Ds:a) 0   -1.53883 (91)      [ -1.2 (1.0) ]  
              1     -1.390 (78)      [ -1.2 (1.0) ]  
   log(Ds:dE) 0    0.18377 (13)      [  0.18 (17) ]  
              1     -0.735 (37)      [ -0.7 (1.0) ]  
   log(Ds:ao) 0     -2.670 (58)      [ -2.3 (1.0) ]  
              1      -2.34 (14)      [ -2.3 (1.0) ]  
  log(Ds:dEo) 0     0.3719 (55)      [  0.41 (24) ]  
              1      -1.20 (21)      [ -0.7 (1.0) ]  
        Vnn 0,0    0.76751 (76)      [  0.0 (1.0) ]  
            0,1     -0.459 (35)      [  0.0 (1.0) ]  
            1,0      0.080 (53)      [  0.0 (1.0) ]  
            1,1       0.72 (73)      [  0.0 (1.0) ]  
        Vno 0,0     -0.755 (29)      [  0.0 (1.0) ]  
            0,1       0.37 (16)      [  0.0 (1.0) ]  
            1,0      -0.07 (40)      [  0.0 (1.0) ]  
            1,1       0.27 (96)      [  0.0 (1.0) ]  

Settings:
  svdcut/n = 1e-15/0    reltol/abstol = 1e-10/1e-10    (itns/time = 22/0.3)

Leading parameter chi2/dof [dof] = 0.82 [8]   Q = 0.6

============================== simulation
Least Square Fit:
  chi2/dof [dof] = 0.63 [69]    Q = 0.99    logGBF = 1604.6

Parameters:
  log(etas:a) 0   -1.52243 (70)      [ -1.2 (1.0) ]  
              1      -1.34 (50)      [ -1.2 (1.0) ]  
 log(etas:dE) 0   -0.87680 (27)      [ -0.92 (50) ]  
              1      -0.41 (13)      [ -0.7 (1.0) ]  
    log(Ds:a) 0   -1.53999 (93)      [ -1.2 (1.0) ]  
              1     -1.455 (75)      [ -1.2 (1.0) ]  
   log(Ds:dE) 0    0.18355 (13)      [  0.18 (17) ]  
              1     -0.771 (38)      [ -0.7 (1.0) ]  
   log(Ds:ao) 0     -2.700 (72)      [ -2.3 (1.0) ]  
              1      -2.39 (12)      [ -2.3 (1.0) ]  
  log(Ds:dEo) 0     0.3688 (64)      [  0.41 (24) ]  
              1      -1.32 (22)      [ -0.7 (1.0) ]  
        Vnn 0,0    0.76780 (76)      [  0.0 (1.0) ]  
            0,1     -0.437 (33)      [  0.0 (1.0) ]  
            1,0      0.065 (62)      [  0.0 (1.0) ]  
            1,1       0.15 (77)      [  0.0 (1.0) ]  
        Vno 0,0     -0.761 (34)      [  0.0 (1.0) ]  
            0,1       0.33 (17)      [  0.0 (1.0) ]  
            1,0       0.07 (40)      [  0.0 (1.0) ]  
            1,1      -0.14 (97)      [  0.0 (1.0) ]  

Settings:
  svdcut/n = 1e-15/0    reltol/abstol = 1e-10/1e-10    (itns/time = 11/0.2)

Leading parameter chi2/dof [dof] = 0.56 [8]   Q = 0.8
