========================== nexp = 1   ratio = True
Least Square Fit:
  chi2/dof [dof] = 0.92 [69]    Q = 0.66    logGBF = 1585.4

Parameters:
  log(etas:a) 0   -1.52165 (76)      [ -1.2 (1.0) ]  
 log(etas:dE) 0   -0.87663 (28)      [ -0.92 (50) ]  
    log(Ds:a) 0    -1.5386 (10)      [ -1.2 (1.0) ]  
   log(Ds:dE) 0    0.18371 (14)      [  0.18 (17) ]  
   log(Ds:ao) 0     -2.603 (21)      [ -2.3 (1.0) ]  
  log(Ds:dEo) 0     0.3763 (30)      [  0.41 (24) ]  
        Vnn 0,0     0.7682 (12)      [  0.1 (1.0) ]  
        Vno 0,0     -0.747 (18)      [  0.1 (1.0) ]  

Settings:
  svdcut/n = 1e-15/0    reltol/abstol = 1e-10/1e-10    (itns/time = 1/0.0)

etas:dE = 0.41618(12)
 etas:E = 0.41618(12)  0.41618(12)  0.41618(12)
 etas:a = 0.21835(17)

Ds:dE = 1.20167(17)
 Ds:E = 1.20167(17)  1.20167(17)  1.20167(17)
 Ds:a = 0.21469(22)

etas->V->Ds = 0.7682(12)
etas->V->Dso = -0.747(18)

Partial % Errors:
                           Vnn       Vno     Eetas       EDs
------------------------------------------------------------
              stat.:     0.129     1.851     0.028     0.014
        log(etas:a):     0.016     0.076     0.002     0.000
       log(etas:dE):     0.019     0.124     0.003     0.000
          log(Ds:a):     0.012     0.201     0.000     0.001
         log(Ds:dE):     0.024     0.119     0.000     0.002
         log(Ds:ao):     0.003     0.591     0.000     0.001
        log(Ds:dEo):     0.004     0.326     0.000     0.001
                Vnn:     0.068     0.376     0.002     0.001
                Vno:     0.037     1.238     0.000     0.001
------------------------------------------------------------
              total:     0.155     2.373     0.028     0.014




========================== nexp = 1   ratio = False
Least Square Fit:
  chi2/dof [dof] = 1.2 [69]    Q = 0.18    logGBF = 1580.2

Parameters:
  log(etas:a) 0   -1.52152 (78)      [ -1.2 (1.0) ]  
 log(etas:dE) 0   -0.87663 (29)      [ -0.92 (50) ]  
    log(Ds:a) 0    -1.5386 (11)      [ -1.2 (1.0) ]  
   log(Ds:dE) 0    0.18373 (14)      [  0.18 (17) ]  
   log(Ds:ao) 0     -2.597 (23)      [ -2.3 (1.0) ]  
  log(Ds:dEo) 0     0.3777 (30)      [  0.41 (24) ]  
        Vnn 0,0    0.76499 (61)      [  0.1 (1.0) ]  
        Vno 0,0     -0.725 (11)      [  0.1 (1.0) ]  

Settings:
  svdcut/n = 1e-15/0    reltol/abstol = 1e-10/1e-10    (itns/time = 1/0.0)

etas:dE = 0.41618(12)
 etas:E = 0.41618(12)  0.41618(12)  0.41618(12)
 etas:a = 0.21838(17)

Ds:dE = 1.20169(17)
 Ds:E = 1.20169(17)  1.20169(17)  1.20169(17)
 Ds:a = 0.21469(23)

etas->V->Ds = 0.76499(61)
etas->V->Dso = -0.725(11)

Partial % Errors:
                           Vnn       Vno     Eetas       EDs
------------------------------------------------------------
              stat.:     0.069     1.329     0.028     0.014
        log(etas:a):     0.003     0.045     0.001     0.000
       log(etas:dE):     0.002     0.038     0.002     0.000
          log(Ds:a):     0.002     0.107     0.000     0.001
         log(Ds:dE):     0.001     0.067     0.000     0.002
         log(Ds:ao):     0.009     0.232     0.000     0.000
        log(Ds:dEo):     0.010     0.119     0.000     0.000
                Vnn:     0.023     0.279     0.001     0.001
                Vno:     0.030     0.672     0.000     0.001
------------------------------------------------------------
              total:     0.080     1.544     0.029     0.014




