========================== nexp = 1   ratio = True
Chained Least Square Fit:
  chi2/dof [dof] = 0.67 [69]    Q = 0.98    logGBF = 1564.5

Parameters:
  log(etas:a) 0   -1.52176 (77)      [ -1.2 (1.0) ]  
 log(etas:dE) 0   -0.87663 (29)      [ -0.92 (50) ]  
    log(Ds:a) 0    -1.5387 (11)      [ -1.2 (1.0) ]  
   log(Ds:dE) 0    0.18369 (15)      [  0.18 (17) ]  
   log(Ds:ao) 0     -2.537 (33)      [ -2.3 (1.0) ]  
  log(Ds:dEo) 0     0.3848 (44)      [  0.41 (24) ]  
        Vnn 0,0      0.748 (44)      [  0.1 (1.0) ]  
        Vno 0,0     -0.768 (66)      [  0.1 (1.0) ]  

Settings:
  svdcut/n = 1e-15/0    reltol/abstol = 1e-10/1e-10    (itns/time = 3/0.2)

etas:dE = 0.41618(12)
 etas:E = 0.41618(12)  0.41618(12)  0.41618(12)
 etas:a = 0.21833(17)

Ds:dE = 1.20164(18)
 Ds:E = 1.20164(18)  1.20164(18)  1.20164(18)
 Ds:a = 0.21467(24)

etas->V->Ds = 0.748(44)
etas->V->Dso = -0.768(66)

Partial % Errors:
                           Vnn       Vno     Eetas       EDs
------------------------------------------------------------
              stat.:     0.148     1.949     0.028     0.015
        log(etas:a):     0.322     0.602     0.002     0.000
       log(etas:dE):     3.578     0.580     0.003     0.000
          log(Ds:a):     0.155     0.659     0.001     0.001
         log(Ds:dE):     3.752     0.976     0.000     0.002
         log(Ds:ao):     0.245     0.342     0.000     0.001
        log(Ds:dEo):     0.421     2.841     0.000     0.000
                Vnn:     1.570     6.560     0.000     0.000
                Vno:     2.357     4.034     0.000     0.000
------------------------------------------------------------
              total:     5.940     8.566     0.029     0.015




========================== nexp = 1   ratio = False
Chained Least Square Fit:
  chi2/dof [dof] = 0.73 [69]    Q = 0.96    logGBF = 1571.2

Parameters:
  log(etas:a) 0   -1.52159 (79)      [ -1.2 (1.0) ]  
 log(etas:dE) 0   -0.87660 (29)      [ -0.92 (50) ]  
    log(Ds:a) 0    -1.5389 (11)      [ -1.2 (1.0) ]  
   log(Ds:dE) 0    0.18368 (15)      [  0.18 (17) ]  
   log(Ds:ao) 0     -2.619 (36)      [ -2.3 (1.0) ]  
  log(Ds:dEo) 0     0.3748 (45)      [  0.41 (24) ]  
        Vnn 0,0     0.7691 (37)      [  0.1 (1.0) ]  
        Vno 0,0     -0.719 (21)      [  0.1 (1.0) ]  

Settings:
  svdcut/n = 1e-15/0    reltol/abstol = 1e-10/1e-10    (itns/time = 3/0.2)

etas:dE = 0.41620(12)
 etas:E = 0.41620(12)  0.41620(12)  0.41620(12)
 etas:a = 0.21836(17)

Ds:dE = 1.20163(18)
 Ds:E = 1.20163(18)  1.20163(18)  1.20163(18)
 Ds:a = 0.21462(25)

etas->V->Ds = 0.7691(37)
etas->V->Dso = -0.719(21)

Partial % Errors:
                           Vnn       Vno     Eetas       EDs
------------------------------------------------------------
              stat.:     0.211     1.848     0.029     0.015
        log(etas:a):     0.025     0.160     0.002     0.000
       log(etas:dE):     0.091     0.840     0.003     0.000
          log(Ds:a):     0.031     0.146     0.000     0.001
         log(Ds:dE):     0.218     0.435     0.000     0.002
         log(Ds:ao):     0.007     0.404     0.000     0.001
        log(Ds:dEo):     0.046     0.631     0.000     0.001
                Vnn:     0.319     1.675     0.000     0.000
                Vno:     0.157     1.040     0.000     0.000
------------------------------------------------------------
              total:     0.478     2.967     0.029     0.015




