============================== 8
Least Square Fit (input data correlated with prior):
  chi2/dof [dof] = 1.1 [207]    Q = 0.29    logGBF = 1808.6    itns = 34

Parameters:
            d 0    0.21616 (62)      [  0.1 (1.0) ]
              1     0.3678 (72)      [  0.1 (1.0) ]
              2     -0.352 (21)      [  0.1 (1.0) ]
              3      0.129 (58)      [  0.1 (1.0) ]
              4      0.067 (57)      [  0.1 (1.0) ]
              5     -0.115 (88)      [  0.1 (1.0) ]
              6      -0.10 (21)      [  0.1 (1.0) ]
              7       0.32 (22)      [  0.1 (1.0) ]
        logdE 0   -1.36094 (83)      [ -1.36 (39) ]
              1     -0.687 (16)      [ -0.7 (1.0) ]
              2     -0.938 (97)      [ -0.7 (1.0) ]
              3      -1.31 (36)      [ -0.7 (1.0) ]
              4      -1.96 (72)      [ -0.7 (1.0) ]
              5      -0.77 (91)      [ -0.7 (1.0) ]
              6      -0.29 (94)      [ -0.7 (1.0) ]
              7      -0.53 (99)      [ -0.7 (1.0) ]
         logl 0    -0.6825 (17)      [ -0.9 (1.0) ]
              1     -0.922 (24)      [ -0.9 (1.0) ]
              2      -1.02 (14)      [ -0.9 (1.0) ]
              3      -1.63 (30)      [ -0.9 (1.0) ]
              4      -0.03 (68)      [ -0.9 (1.0) ]
              5      -1.58 (84)      [ -0.9 (1.0) ]
              6      -1.96 (83)      [ -0.9 (1.0) ]
              7      -1.73 (90)      [ -0.9 (1.0) ]
            g 0     0.8696 (15)      [  0.1 (1.0) ]
              1     -0.103 (14)      [  0.1 (1.0) ]
              2      0.143 (54)      [  0.1 (1.0) ]
              3      -0.37 (13)      [  0.1 (1.0) ]
              4       0.48 (14)      [  0.1 (1.0) ]
              5      -0.73 (65)      [  0.1 (1.0) ]
              6       0.59 (42)      [  0.1 (1.0) ]
              7      -0.16 (70)      [  0.1 (1.0) ]
            e 0    0.19723 (48)      [  0.1 (1.0) ]
              1     0.2986 (69)      [  0.1 (1.0) ]
              2     -0.335 (40)      [  0.1 (1.0) ]
              3      0.326 (57)      [  0.1 (1.0) ]
              4       0.01 (27)      [  0.1 (1.0) ]
              5      -0.15 (31)      [  0.1 (1.0) ]
              6       0.08 (45)      [  0.1 (1.0) ]
              7       0.08 (73)      [  0.1 (1.0) ]

Settings:
  svdcut = (None,None)   svdnum = (1.1e+02,None)    reltol/abstol = 1e-10/1e-10

   E = 0.25642(21)  0.5031(82)  0.895(39)  1.165(92)  1.31(14)  1.77(43)  2.51(82)  3.11(99)   (En-E0 for n>0)
   l = 0.50533(84)  0.3979(96)  0.362(52)  0.197(60)  0.97(66)  0.21(17)  0.14(12)  0.18(16)
   g = 0.8696(15)  -0.103(14)  0.143(54)  -0.37(13)  0.48(14)  -0.73(65)  0.59(42)  -0.16(70)
   d = 0.21616(62)  0.3678(72)  -0.352(21)  0.129(58)  0.067(57)  -0.115(88)  -0.10(21)  0.32(22)
   e = 0.19723(48)  0.2986(69)  -0.335(40)  0.326(57)  0.01(27)  -0.15(31)  0.08(45)  0.08(73)

Partial % Errors:
                            E0       dE1
----------------------------------------
               stat:     0.081     1.363
               logl:     0.009     0.473
                  g:     0.012     0.311
                  e:     0.009     0.192
                  d:     0.002     0.082
              logdE:     0.010     0.661
                svd:     0.000     0.000
----------------------------------------
              total:     0.083     1.630


correlators:
    ['1s0.ll', '1s0.lg', '1s0.gg', '1s0.le', '1s0.ge', '1s0.ee', '1s0.ld', '1s0.gd', '1s0.dd']

t=1.2 ====

