============================== nterm = 8   nterm_prior = 8    RATIO = True
Least Square Fit:
  chi2/dof [dof] = 0.89 [113]    Q = 0.79    logGBF = 2040.3    itns = 1

Parameters:
         logl 0    -0.6809 (17)      [ -0.9 (1.0) ]  
              1     -0.906 (28)      [ -0.9 (1.0) ]  
              2      -1.18 (34)      [ -0.9 (1.0) ]  
              3      -0.91 (44)      [ -0.9 (1.0) ]  
              4      -1.19 (80)      [ -0.9 (1.0) ]  
              5      -1.21 (84)      [ -0.9 (1.0) ]  
              6      -1.10 (86)      [ -0.9 (1.0) ]  
              7      -1.19 (90)      [ -0.9 (1.0) ]  
            g 0     0.8718 (16)      [  0.1 (1.0) ]  
              1    -0.1467 (92)      [  0.1 (1.0) ]  
              2      0.027 (30)      [  0.1 (1.0) ]  
              3       0.20 (13)      [  0.1 (1.0) ]  
              4      -0.02 (26)      [  0.1 (1.0) ]  
              5       0.09 (41)      [  0.1 (1.0) ]  
              6      -0.14 (43)      [  0.1 (1.0) ]  
              7      -0.10 (36)      [  0.1 (1.0) ]  
            e 0    0.19688 (39)      [  0.1 (1.0) ]  
              1      0.334 (19)      [  0.1 (1.0) ]  
              2     -0.302 (35)      [  0.1 (1.0) ]  
              3       0.04 (18)      [  0.1 (1.0) ]  
              4       0.29 (22)      [  0.1 (1.0) ]  
              5      -0.22 (53)      [  0.1 (1.0) ]  
              6      -0.31 (65)      [  0.1 (1.0) ]  
              7       0.37 (51)      [  0.1 (1.0) ]  
            d 0    0.21604 (44)      [  0.1 (1.0) ]  
              1      0.405 (19)      [  0.1 (1.0) ]  
              2     -0.262 (37)      [  0.1 (1.0) ]  
              3     0.002 (104)      [  0.1 (1.0) ]  
              4      -0.05 (22)      [  0.1 (1.0) ]  
              5       0.10 (52)      [  0.1 (1.0) ]  
              6      -0.17 (62)      [  0.1 (1.0) ]  
              7       0.73 (45)      [  0.1 (1.0) ]  
        logdE 0   -1.36198 (83)      [ -1.36 (39) ]  
              1     -0.645 (20)      [ -0.7 (1.0) ]  
              2      -1.30 (17)      [ -0.7 (1.0) ]  
              3      -0.70 (63)      [ -0.7 (1.0) ]  
              4      -0.58 (73)      [ -0.7 (1.0) ]  
              5      -0.56 (92)      [ -0.7 (1.0) ]  
              6      -0.56 (96)      [ -0.7 (1.0) ]  
              7      -0.69 (98)      [ -0.7 (1.0) ]  

Settings:
  svdcut = (0.002,None)   svdnum = (1.1e+02,None)    reltol/abstol = 1e-10/1e-10

   E = 0.25615(21)  0.524(11)  0.797(53)  1.29(33)  1.86(39)  2.43(58)  3.00(75)  3.50(86)   (En-E0 for n>0)
   l = 0.50618(88)  0.404(11)  0.31(10)  0.40(18)  0.30(24)  0.30(25)  0.33(29)  0.30(27)
   g = 0.8718(16)  -0.1467(92)  0.027(30)  0.20(13)  -0.02(26)  0.09(41)  -0.14(43)  -0.10(36)
   d = 0.21604(44)  0.405(19)  -0.262(37)  0.002(104)  -0.05(22)  0.10(52)  -0.17(62)  0.73(45)
   e = 0.19688(39)  0.334(19)  -0.302(35)  0.04(18)  0.29(22)  -0.22(53)  -0.31(65)  0.37(51)

Partial % Errors:
                            E0       dE1
----------------------------------------
               stat:     0.076     1.470
               logl:     0.007     0.677
                  g:     0.010     0.386
                  e:     0.002     0.155
                  d:     0.002     0.091
              logdE:     0.003     0.420
----------------------------------------
              total:     0.083     2.035


correlators:
    ['1s0.ll', '1s0.lg', '1s0.gg', '1s0.le', '1s0.ge', '1s0.ee', '1s0.ld', '1s0.gd', '1s0.ed', '1s0.dd']

using last fit


t=0.4 ====

