========================== nexp = 3
Least Square Fit:
  chi2/dof [dof] = 0.7 [56]    Q = 0.96    logGBF = 1608.9

Parameters:
            a 0    0.21135 (87)      [ 0.01 (1.00) ]  
              1      0.215 (28)      [ 0.01 (1.00) ]  
              2     0.5130 (72)      [ 0.01 (1.00) ]  
        logdE 0    0.27140 (44)      [   0.34 (14) ]  
              1     -0.873 (96)      [  -0.7 (1.0) ]  
              2     -0.796 (34)      [  -0.7 (1.0) ]  
           ao 0     0.0660 (47)      [ 0.01 (1.00) ]  
              1      0.120 (12)      [ 0.01 (1.00) ]  
              2      0.070 (24)      [ 0.01 (1.00) ]  
       logdEo 0     0.3447 (64)      [   0.46 (13) ]  
              1      -1.22 (13)      [  -0.7 (1.0) ]  
              2      -0.78 (90)      [  -0.7 (1.0) ]  
          Vnn 0     0.1062 (13)      [ 0.01 (1.00) ]  
              1     0.0003 (47)      [ 0.01 (1.00) ]  
              2    -0.0261 (44)      [ 0.01 (1.00) ]  
              3     0.01 (1.00)      [ 0.01 (1.00) ]  
              4     0.01 (1.00)      [ 0.01 (1.00) ]  
              5     0.01 (1.00)      [ 0.01 (1.00) ]  
          Voo 0     -0.082 (54)      [ 0.01 (1.00) ]  
              1      0.012 (73)      [ 0.01 (1.00) ]  
              2      -0.03 (24)      [ 0.01 (1.00) ]  
              3   0.007 (1.000)      [ 0.01 (1.00) ]  
              4     0.01 (1.00)      [ 0.01 (1.00) ]  
              5     0.01 (1.00)      [ 0.01 (1.00) ]  
        Vno 0,0    -0.2139 (66)      [ 0.01 (1.00) ]  
            0,1      0.013 (26)      [ 0.01 (1.00) ]  
            0,2     -0.026 (63)      [ 0.01 (1.00) ]  
            1,0      0.009 (57)      [ 0.01 (1.00) ]  
            1,1     0.007 (995)      [ 0.01 (1.00) ]  
            1,2   0.009 (1.000)      [ 0.01 (1.00) ]  
            2,0      0.022 (43)      [ 0.01 (1.00) ]  
            2,1     0.02 (1.00)      [ 0.01 (1.00) ]  
            2,2     0.01 (1.00)      [ 0.01 (1.00) ]  

Settings:
  svdcut/n = 1e-15/0    reltol/abstol = 1e-10/1e-10    (itns/time = 1/0.1)

dE = 1.31180(57)  0.418(40)  0.451(16)
 E = 1.31180(57)  1.729(40)  2.181(28)
m->V->m = 0.1062(13)

Partial % Errors:
                             V
------------------------------
               stat:      0.41
                  a:      0.00
              logdE:      0.01
                 ao:      0.00
             logdEo:      0.04
                Vnn:      1.09
                Voo:      0.20
                Vno:      0.01
------------------------------
              total:      1.18




