========================== nexp = 3
Least Square Fit (input data correlated with prior):
  chi2/dof [dof] = 0.62 [56]    Q = 0.99    logGBF = 1609.8    itns = 10

Parameters:
            a 0   0.21103 (92)      [  0.0 (1.0) ]
              1     0.208 (25)      [  0.0 (1.0) ]
              2    0.5148 (60)      [  0.0 (1.0) ]
           ao 0    0.0656 (51)      [  0.0 (1.0) ]
              1     0.119 (11)      [  0.0 (1.0) ]
              2    -0.070 (31)      [  0.0 (1.0) ]
        logdE 0   0.27124 (46)      [  0.34 (14) ]
              1    -0.898 (97)      [ -0.7 (1.0) ]
              2    -0.784 (37)      [ -0.7 (1.0) ]
       logdEo 0    0.3442 (71)      [  0.46 (13) ]
              1     -1.23 (13)      [ -0.7 (1.0) ]
              2     -0.90 (95)      [ -0.7 (1.0) ]
          Vnn 0    0.1060 (14)      [  0.0 (1.0) ]
              1    0.0037 (55)      [  0.0 (1.0) ]
              2   -0.0285 (48)      [  0.0 (1.0) ]
              3      0.0 (1.0)      [  0.0 (1.0) ]
              4      0.0 (1.0)      [  0.0 (1.0) ]
              5      0.0 (1.0)      [  0.0 (1.0) ]
        Vno 0,0   -0.2123 (70)      [  0.0 (1.0) ]
            0,1     0.009 (29)      [  0.0 (1.0) ]
            0,2     0.018 (71)      [  0.0 (1.0) ]
            1,0     0.002 (58)      [  0.0 (1.0) ]
            1,1     -0.0 (1.0)      [  0.0 (1.0) ]
            1,2      0.0 (1.0)      [  0.0 (1.0) ]
            2,0     0.024 (43)      [  0.0 (1.0) ]
            2,1      0.0 (1.0)      [  0.0 (1.0) ]
            2,2      0.0 (1.0)      [  0.0 (1.0) ]
          Voo 0    -0.098 (59)      [  0.0 (1.0) ]
              1     0.059 (93)      [  0.0 (1.0) ]
              2      0.13 (28)      [  0.0 (1.0) ]
              3      0.0 (1.0)      [  0.0 (1.0) ]
              4      0.0 (1.0)      [  0.0 (1.0) ]
              5      0.0 (1.0)      [  0.0 (1.0) ]

Settings:
  svdcut = (1e-15,1e-15)   svdnum = (None,None)    reltol/abstol = 1e-10/1e-10

dE = 1.31158(60)  0.407(39)  0.456(17)
 E = 1.31158(60)  1.719(40)  2.175(25)
m->V->m = 0.1060(14)

Partial % Errors:
                             V
------------------------------
               stat:      0.59
                  a:      0.01
              logdE:      0.03
                 ao:      0.01
             logdEo:      0.13
                Vnn:      1.20
                Voo:      0.24
                Vno:      0.02
------------------------------
              total:      1.36




