========================== nexp = 3
Least Square Fit:
  chi2/dof [dof] = 0.98 [112]    Q = 0.55    logGBF = 2570.2

Parameters:
         Ds:a 0    0.21182 (62)      [ 0.01 (1.00) ]  
              1      0.229 (21)      [ 0.01 (1.00) ]  
              2     0.5096 (63)      [ 0.01 (1.00) ]  
   log(Ds:dE) 0    0.27163 (33)      [   0.26 (15) ]  
              1     -0.827 (64)      [  -0.7 (1.0) ]  
              2     -0.806 (22)      [  -0.7 (1.0) ]  
        Ds:ao 0     0.0454 (79)      [ 0.01 (1.00) ]  
              1      0.087 (11)      [ 0.01 (1.00) ]  
              2     0.1171 (63)      [ 0.01 (1.00) ]  
  log(Ds:dEo) 0      0.320 (11)      [   0.34 (14) ]  
              1      -1.81 (22)      [  -0.7 (1.0) ]  *
              2      -1.08 (12)      [  -0.7 (1.0) ]  
       etas:a 0     0.1727 (11)      [ 0.01 (1.00) ]  
              1      0.262 (36)      [ 0.01 (1.00) ]  
              2       0.64 (12)      [ 0.01 (1.00) ]  
 log(etas:dE) 0    -0.3980 (16)      [  -0.40 (30) ]  
              1     -0.538 (95)      [  -0.7 (1.0) ]  
              2      -0.07 (21)      [  -0.7 (1.0) ]  
      etas:ao 0     0.0679 (21)      [ 0.01 (1.00) ]  
              1     -0.043 (36)      [ 0.01 (1.00) ]  
              2       0.17 (19)      [ 0.01 (1.00) ]  
log(etas:dEo) 0    -0.1591 (74)      [  -0.13 (23) ]  
              1      -0.74 (67)      [  -0.7 (1.0) ]  
              2      -0.12 (83)      [  -0.7 (1.0) ]  
        Vno 0,0    -0.1601 (57)      [ 0.01 (1.00) ]  
            0,1     -0.091 (14)      [ 0.01 (1.00) ]  
            0,2      0.019 (27)      [ 0.01 (1.00) ]  
            1,0     -0.006 (71)      [ 0.01 (1.00) ]  
            1,1      -0.02 (54)      [ 0.01 (1.00) ]  
            1,2    -0.09 (1.00)      [ 0.01 (1.00) ]  
            2,0      -0.10 (11)      [ 0.01 (1.00) ]  
            2,1       0.10 (97)      [ 0.01 (1.00) ]  
            2,2     0.01 (1.00)      [ 0.01 (1.00) ]  
        Vnn 0,0    0.15882 (79)      [ 0.01 (1.00) ]  
            0,1     -0.118 (10)      [ 0.01 (1.00) ]  
            0,2      0.022 (17)      [ 0.01 (1.00) ]  
            1,0     0.0115 (64)      [ 0.01 (1.00) ]  
            1,1      -0.41 (99)      [ 0.01 (1.00) ]  
            1,2     0.03 (1.00)      [ 0.01 (1.00) ]  
            2,0     -0.004 (26)      [ 0.01 (1.00) ]  
            2,1     0.04 (1.00)      [ 0.01 (1.00) ]  
            2,2     0.01 (1.00)      [ 0.01 (1.00) ]  
        Voo 0,0       0.12 (16)      [ 0.01 (1.00) ]  
            0,1      -0.63 (26)      [ 0.01 (1.00) ]  
            0,2       0.69 (31)      [ 0.01 (1.00) ]  
            1,0       0.99 (71)      [ 0.01 (1.00) ]  
            1,1       0.16 (99)      [ 0.01 (1.00) ]  
            1,2   0.007 (1.000)      [ 0.01 (1.00) ]  
            2,0       0.40 (79)      [ 0.01 (1.00) ]  
            2,1       0.05 (99)      [ 0.01 (1.00) ]  
            2,2   0.009 (1.000)      [ 0.01 (1.00) ]  
        Von 0,0    -0.1562 (92)      [ 0.01 (1.00) ]  
            0,1     -0.110 (19)      [ 0.01 (1.00) ]  
            0,2      0.065 (40)      [ 0.01 (1.00) ]  
            1,0      0.102 (76)      [ 0.01 (1.00) ]  
            1,1       0.01 (55)      [ 0.01 (1.00) ]  
            1,2    -0.08 (1.00)      [ 0.01 (1.00) ]  
            2,0       0.01 (17)      [ 0.01 (1.00) ]  
            2,1      -0.39 (90)      [ 0.01 (1.00) ]  
            2,2   0.006 (1.000)      [ 0.01 (1.00) ]  

Settings:
  svdcut/n = 1e-05/0    reltol/abstol = 0.0001/0.0001    (itns/time = 1/0.1)

etas:dE = 0.6717(11)  0.584(56)  0.94(19)
 etas:E = 0.6717(11)  1.256(57)  2.19(24)
 etas:a = 0.1727(11)  0.262(36)  0.64(12)

Ds:dE = 1.31210(43)  0.437(28)  0.4467(98)
 Ds:E = 1.31210(43)  1.750(28)  2.196(21)
 Ds:a = 0.21182(62)  0.229(21)  0.5096(63)

etas->V->Ds  = 0.15882(79)
etas->V->Dso = -0.1601(57)

Partial % Errors:
                           Vnn       Vno     Eetas       EDs
------------------------------------------------------------
              stat.:     0.391     3.089     0.152     0.033
               Ds:a:     0.002     0.009     0.001     0.000
         log(Ds:dE):     0.005     0.032     0.004     0.002
              Ds:ao:     0.000     0.014     0.000     0.000
        log(Ds:dEo):     0.008     0.173     0.004     0.002
             etas:a:     0.002     0.092     0.011     0.001
       log(etas:dE):     0.007     0.194     0.023     0.002
            etas:ao:     0.006     0.031     0.010     0.001
      log(etas:dEo):     0.041     0.348     0.023     0.001
                Vno:     0.018     0.934     0.005     0.001
                Vnn:     0.300     0.044     0.009     0.002
                Voo:     0.062     0.726     0.017     0.002
                Von:     0.038     1.199     0.017     0.002
------------------------------------------------------------
              total:     0.500     3.547     0.159     0.033




